http://adb.juvander.net/Finland_adb_antisocial.txt
http://adb.juvander.net/Finland_adb.txt
http://denis-ovs.narod.ru/adblock.txt
http://malwaredomains.lehigh.edu/files/BOOT
http://malwaredomains.lehigh.edu/files/immortal_domains.txt
http://mirror1.malwaredomains.com/files/url_shorteners.txt
https://70i.net/files/70i_net_adblock.txt
https://adblock.mahakala.is/hosts
https://adguard.com/en/filter-rules.html?id=11
https://adguard.com/en/filter-rules.html?id=15
https://adguard.com/en/filter-rules.html?id=2
https://adguard.com/en/filter-rules.html?id=4
https://adguard.com/en/filter-rules.html?id=6
https://bitbucket.org/ethanr/dns-blacklists/raw/8575c9f96e5b4a1308f2f12394abd86d0927a4a0/bad_lists/Mandiant_APT1_Report_Appendix_D.txt
https://easylist-downloads.adblockplus.org/abpindo+easylist.txt
https://easylist-downloads.adblockplus.org/bulgarian_list+easylist.txt
https://easylist-downloads.adblockplus.org/easylistchina.txt
https://easylist-downloads.adblockplus.org/easylistgermany+easylist.txt
https://easylist-downloads.adblockplus.org/easylistgermany.txt
https://easylist-downloads.adblockplus.org/easylist_noelemhide.txt
https://easylist-downloads.adblockplus.org/easyprivacy+easylist.txt
https://easylist-downloads.adblockplus.org/latvianlist+easylist.txt
https://easylist-downloads.adblockplus.org/liste_ar+liste_fr+easylist.txt
https://easylist-downloads.adblockplus.org/liste_fr.txt
https://easylist-downloads.adblockplus.org/rolist+easylist.txt
https://fanboy.co.nz/r/fanboy-ultimate.txt
https://github.com/maravento/blackweb/raw/master/blackweb.tar.gz
https://hosts-file.net/hfs.txt
https://hosts-file.net/hjk.txt
https://hosts-file.net/mmt.txt
https://hosts-file.net/psh.txt
https://hosts-file.net/pup.txt
https://hosts-file.net/wrz.txt
https://mirror1.malwaredomains.com/files/justdomains
https://pastebin.com/raw/kDqbYwWr
https://pgl.yoyo.org/adservers/serverlist.php?hostformat=nohtml&showintro=0&mimetype=plaintext
https://ransomwaretracker.abuse.ch/downloads/LY_PS_DOMBL.txt
https://ransomwaretracker.abuse.ch/downloads/TC_C2_DOMBL.txt
https://ransomwaretracker.abuse.ch/downloads/TL_C2_DOMBL.txt
https://raw.githubusercontent.com/AdguardTeam/AdguardDNS/master/Filters/filter.txt
https://raw.githubusercontent.com/azet12/KADhosts/master/KADhosts.txt
https://raw.githubusercontent.com/betterwebleon/slovenian-list/master/filters.txt
https://raw.githubusercontent.com/BreakingTheNews/BreakingTheNews.github.io/master/hosts
https://raw.githubusercontent.com/chadmayfield/my-pihole-blocklists/master/lists/pi_blocklist_porn_all.list
https://raw.githubusercontent.com/chadmayfield/my-pihole-blocklists/master/lists/pi_blocklist_porn_top1m.list
https://raw.githubusercontent.com/crazy-max/WindowsSpyBlocker/master/data/hosts/win10/spy.txt
https://raw.githubusercontent.com/crazy-max/WindowsSpyBlocker/master/data/hosts/win7/spy.txt
https://raw.githubusercontent.com/Dawsey21/Lists/master/main-blacklist.txt
https://raw.githubusercontent.com/deathbybandaid/Universite-Toulouse-Hosts/master/downloaded/adult.txt
https://raw.githubusercontent.com/eladkarako/hosts.eladkarako.com/master/build/hosts_adblock_anti_annoyances.txt
https://raw.githubusercontent.com/FadeMind/hosts.extras/master/add.Dead/hosts
https://raw.githubusercontent.com/FadeMind/hosts.extras/master/add.Risk/hosts
https://raw.githubusercontent.com/FadeMind/hosts.extras/master/SpotifyAds/hosts
https://raw.githubusercontent.com/kargig/greek-adblockplus-filter/master/void-gr-filters.txt
https://raw.githubusercontent.com/kbinani/adblock-youtube-ads/master/signed.txt
https://raw.githubusercontent.com/Laicure/HostsY/master/custHost
https://raw.githubusercontent.com/liamja/Prebake/master/obtrusive.txt
https://raw.githubusercontent.com/metaphoricgiraffe/tracking-filters/master/trackingfilters.txt
https://raw.githubusercontent.com/mozillahispano/nauscopio-filtros/master/filtros.txt
https://raw.githubusercontent.com/piperun/iploggerfilter/master/filterlist
https://raw.githubusercontent.com/StevenBlack/hosts/master/alternates/fakenews-gambling-porn/hosts
https://raw.githubusercontent.com/StevenBlack/hosts/master/alternates/fakenews-porn/hosts
https://raw.githubusercontent.com/StevenBlack/hosts/master/alternates/porn/hosts
https://raw.githubusercontent.com/StevenBlack/hosts/master/data/add.Risk/hosts
https://raw.githubusercontent.com/StevenBlack/hosts/master/data/add.Spam/hosts
https://raw.githubusercontent.com/StevenBlack/hosts/master/data/SpotifyAds/hosts
https://raw.githubusercontent.com/StevenBlack/hosts/master/data/StevenBlack/hosts
https://raw.githubusercontent.com/StevenBlack/hosts/master/data/UncheckyAds/hosts
https://raw.githubusercontent.com/StevenBlack/hosts/master/hosts
https://raw.githubusercontent.com/szpeter80/hufilter/master/hufilter.txt
https://raw.githubusercontent.com/TakoYachty/Gift-Card-Killer/master/giftcardkiller.txt
https://raw.githubusercontent.com/tomasko126/easylistczechandslovak/master/filters.txt
https://road.adblock.ro/lista.txt
https://s3.amazonaws.com/lists.disconnect.me/simple_malvertising.txt
https://s3.amazonaws.com/lists.disconnect.me/simple_tracking.txt
https://secure.dshield.org/feeds/suspiciousdomains_High.txt
https://secure.dshield.org/feeds/suspiciousdomains_Low.txt
https://stanev.org/abp/adblock_bg.txt
https://v.firebog.net/hosts/BillStearns.txt
https://web.archive.org/web/20140719043102/https://gmbksfilters.googlecode.com/hg/hosts_adonly.txt
https://web.archive.org/web/20160221135711/http://adblock.gjtech.net/?format=unix-hosts
https://www.malwaredomainlist.com/hostslist/hosts.txt
http://sysctl.org/cameleon/hosts
https://zeustracker.abuse.ch/blocklist.php?download=domainblocklist
http://tofukko.r.ribbon.to/Adblock_Plus_list.txt
http://www.hostsfile.org/Downloads/hosts.txt
http://www.jabcreations.com/downloads/adblock-filters.php
