*  List Unavailable To Download. Fri 25 Aug 11:50:05 EDT 2017
*  List Unavailable To Download. Fri 25 Aug 11:54:13 EDT 2017
*  List Unavailable To Download. Fri 25 Aug 12:02:50 EDT 2017
* AyucatPowerful List Unavailable To Download. Fri 25 Aug 12:02:57 EDT 2017
*  List Unavailable To Download. Fri 25 Aug 12:04:49 EDT 2017
*  List Unavailable To Download. Fri 25 Aug 12:12:42 EDT 2017
*  List Unavailable To Download. Fri 25 Aug 12:16:34 EDT 2017
* hpHostsPartial List Unavailable To Download. Fri 25 Aug 12:23:26 EDT 2017
*  List Unavailable To Download. Fri 25 Aug 12:34:28 EDT 2017
* BadHosts List Unavailable To Download. Fri 25 Aug 12:36:52 EDT 2017
* ChadMayfieldPornBlocklistHeavy List Unavailable To Download. Fri 25 Aug 12:37:21 EDT 2017
*  List Unavailable To Download. Fri 25 Aug 12:38:21 EDT 2017
* AirellesAntiTrackersHosts List Unavailable To Download. Fri 25 Aug 12:38:46 EDT 2017
*  List Unavailable To Download. Fri 25 Aug 12:41:29 EDT 2017
* RansomwareTrackerTeslaCryptRansomwareC2URLBlocklist List Unavailable To Download. Fri 25 Aug 12:45:05 EDT 2017
* Laicure List Unavailable To Download. Fri 25 Aug 12:52:57 EDT 2017
* Laicure List Unavailable To Download. Fri 25 Aug 12:52:57 EDT 2017
*  List Unavailable To Download. Fri 25 Aug 12:54:01 EDT 2017
* RansomwareTrackerTeslaCryptRansomwareC2DomainBlocklist List Unavailable To Download. Fri 25 Aug 12:55:59 EDT 2017
*  List Unavailable To Download. Fri 25 Aug 12:58:49 EDT 2017
* RUAdList List Unavailable To Download. Fri 25 Aug 12:58:55 EDT 2017
* RUAdList List Unavailable To Download. Fri 25 Aug 12:58:55 EDT 2017
*  List Unavailable To Download. Fri 25 Aug 13:00:10 EDT 2017
*  List Unavailable To Download. Fri 25 Aug 13:00:10 EDT 2017
* EasyListWithoutElementHidingRules List Unavailable To Download. Fri 25 Aug 13:02:00 EDT 2017
* EasyListWithoutElementHidingRules List Unavailable To Download. Fri 25 Aug 13:02:00 EDT 2017
*  List Unavailable To Download. Fri 25 Aug 13:08:41 EDT 2017
*  List Unavailable To Download. Fri 25 Aug 13:10:03 EDT 2017
*  List Unavailable To Download. Fri 25 Aug 13:10:04 EDT 2017
*  List Unavailable To Download. Fri 25 Aug 13:10:04 EDT 2017
*  List Unavailable To Download. Fri 25 Aug 13:10:04 EDT 2017
*  List Unavailable To Download. Fri 25 Aug 13:12:07 EDT 2017
*  List Unavailable To Download. Fri 25 Aug 13:12:12 EDT 2017
* PrigentADS List Unavailable To Download. Fri 25 Aug 13:30:52 EDT 2017
* RansomwareTrackerCryptoWallRansomwareC2DomainBlocklist List Unavailable To Download. Fri 25 Aug 13:33:46 EDT 2017
* RansomwareTrackerCryptoWallRansomwareC2DomainBlocklist List Unavailable To Download. Fri 25 Aug 13:33:46 EDT 2017
* RansomwareTrackerCryptoWallRansomwareC2DomainBlocklist List Unavailable To Download. Fri 25 Aug 13:33:46 EDT 2017
*  List Unavailable To Download. Fri 25 Aug 13:48:00 EDT 2017
* UniversiteToulouseMalware List Unavailable To Download. Fri 25 Aug 13:48:32 EDT 2017
*  List Unavailable To Download. Fri 25 Aug 13:51:18 EDT 2017
