*  List Failed To Download. Attempted to use Mirror. 
*  List Failed To Download. Attempted to use Mirror. 
* BLOGRAMAnalysisBlockFilterListforJapan List Failed To Download. Attempted to use Mirror. 
* BLOGRAMAnalysisBlockFilterListforJapan List Failed To Download. Attempted to use Mirror. 
* AdguardTurkishFilter List Failed To Download. Attempted to use Mirror. 
* AdguardTurkishFilter List Failed To Download. Attempted to use Mirror. 
* DshieldSuspiciousLow List Failed To Download. Attempted to use Mirror. 
* AdguardRussianFilter List Failed To Download. Attempted to use Mirror. 
* MayvsPrivateAdblockFilters List Failed To Download. Attempted to use Mirror. 
*  List Failed To Download. Attempted to use Mirror. 
* RansomwareTrackerTorrentLockerRansomwareC2IPBlocklist List Failed To Download. Attempted to use Mirror. 
* StevenBlacksSpotifyAds List Failed To Download. Attempted to use Mirror. 
* uBlockAntiskimming List Failed To Download. Attempted to use Mirror. 
* uBlockAntiskimming List Failed To Download. Attempted to use Mirror. 
* FacebookAnnoyancesBlocker List Failed To Download. Attempted to use Mirror. 
*  List Failed To Download. Attempted to use Mirror. 
*  List Failed To Download. Attempted to use Mirror. 
* MalwareDomain List Failed To Download. Attempted to use Mirror. 
*  List Failed To Download. Attempted to use Mirror. 
*  List Failed To Download. Attempted to use Mirror. 
*  List Failed To Download. Attempted to use Mirror. 
* Wiltteri List Failed To Download. Attempted to use Mirror. 
* Wiltteri List Failed To Download. Attempted to use Mirror. 
* Wiltteri List Failed To Download. Attempted to use Mirror. 
* Wiltteri List Failed To Download. Attempted to use Mirror. 
* Wiltteri List Failed To Download. Attempted to use Mirror. 
*  List Failed To Download. Attempted to use Mirror. 
*  List Failed To Download. Attempted to use Mirror. 
*  List Failed To Download. Attempted to use Mirror. 
* StevenBlacksKAD List Failed To Download. Attempted to use Mirror. 
* StevenBlacksSpotifyAds List Failed To Download. Attempted to use Mirror. 
*  List Failed To Download. Attempted to use Mirror. 
* StevenBlacksTrackers List Failed To Download. Attempted to use Mirror. 
* uBOPersonalFilters List Failed To Download. Attempted to use Mirror. 
* uBOPersonalFilters List Failed To Download. Attempted to use Mirror. 
* uBOPersonalFilters List Failed To Download. Attempted to use Mirror. 
* StevenBlacksUnifiedHostsPorn List Failed To Download. Attempted to use Mirror. 
