* RansomwareTrackerIPBlocklist List Was An Empty File After Download. Fri 25 Aug 14:29:19 EDT 2017
*  List Was An Empty File After Download. Fri 25 Aug 14:29:19 EDT 2017
*  List Was An Empty File After Download. Fri 25 Aug 14:29:20 EDT 2017
* RUAdListCounters List Was An Empty File After Download. Fri 25 Aug 14:29:21 EDT 2017
*  List Was An Empty File After Download. Fri 25 Aug 14:29:25 EDT 2017
*  List Was An Empty File After Download. Fri 25 Aug 14:29:25 EDT 2017
*  List Was An Empty File After Download. Fri 25 Aug 14:29:25 EDT 2017
*  List Was An Empty File After Download. Fri 25 Aug 14:29:25 EDT 2017
* ROadBlock List Was An Empty File After Download. Fri 25 Aug 14:29:27 EDT 2017
* ROadBlock List Was An Empty File After Download. Fri 25 Aug 14:29:29 EDT 2017
*  List Was An Empty File After Download. Fri 25 Aug 14:29:29 EDT 2017
*  List Was An Empty File After Download. Fri 25 Aug 14:29:30 EDT 2017
*  List Was An Empty File After Download. Fri 25 Aug 14:29:30 EDT 2017
*  List Was An Empty File After Download. Fri 25 Aug 14:29:30 EDT 2017
* ROadBlock List Was An Empty File After Download. Fri 25 Aug 14:29:30 EDT 2017
* RUAdListEasyList List Was An Empty File After Download. Fri 25 Aug 14:29:34 EDT 2017
*  List Was An Empty File After Download. Fri 25 Aug 14:29:37 EDT 2017
*  List Was An Empty File After Download. Fri 25 Aug 14:29:38 EDT 2017
*  List Was An Empty File After Download. Fri 25 Aug 14:29:38 EDT 2017
* RUAdList List Was An Empty File After Download. Fri 25 Aug 14:29:38 EDT 2017
* ROList2 List Was An Empty File After Download. Fri 25 Aug 14:29:45 EDT 2017
* ROList2 List Was An Empty File After Download. Fri 25 Aug 14:29:45 EDT 2017
* ROList2 List Was An Empty File After Download. Fri 25 Aug 14:29:45 EDT 2017
* ROList2 List Was An Empty File After Download. Fri 25 Aug 14:29:45 EDT 2017
* ROList2 List Was An Empty File After Download. Fri 25 Aug 14:29:45 EDT 2017
* ROList List Was An Empty File After Download. Fri 25 Aug 14:29:46 EDT 2017
* SamsungSmartTVDomains List Was An Empty File After Download. Fri 25 Aug 14:29:47 EDT 2017
* ROList2 List Was An Empty File After Download. Fri 25 Aug 14:29:47 EDT 2017
* ROList2 List Was An Empty File After Download. Fri 25 Aug 14:29:47 EDT 2017
* ROList2 List Was An Empty File After Download. Fri 25 Aug 14:29:47 EDT 2017
* ROList2 List Was An Empty File After Download. Fri 25 Aug 14:29:47 EDT 2017
* ROList2 List Was An Empty File After Download. Fri 25 Aug 14:29:47 EDT 2017
* ROList2 List Was An Empty File After Download. Fri 25 Aug 14:29:51 EDT 2017
* RUAdList List Was An Empty File After Download. Fri 25 Aug 14:29:54 EDT 2017
* ROListEasyList List Was An Empty File After Download. Fri 25 Aug 14:29:55 EDT 2017
* ROListEasyList List Was An Empty File After Download. Fri 25 Aug 14:29:55 EDT 2017
* ROListEasyList List Was An Empty File After Download. Fri 25 Aug 14:29:56 EDT 2017
*  List Was An Empty File After Download. Fri 25 Aug 14:30:00 EDT 2017
*  List Was An Empty File After Download. Fri 25 Aug 14:30:00 EDT 2017
*  List Was An Empty File After Download. Fri 25 Aug 14:30:01 EDT 2017
*  List Was An Empty File After Download. Fri 25 Aug 14:30:01 EDT 2017
* RUAdListBitBlock List Was An Empty File After Download. Fri 25 Aug 14:30:01 EDT 2017
*  List Was An Empty File After Download. Fri 25 Aug 14:30:01 EDT 2017
* RUAdListBitBlock List Was An Empty File After Download. Fri 25 Aug 14:30:01 EDT 2017
* RUAdListBitBlock List Was An Empty File After Download. Fri 25 Aug 14:30:01 EDT 2017
* RUAdListCounters List Was An Empty File After Download. Fri 25 Aug 14:30:05 EDT 2017
* RUAdListCounters List Was An Empty File After Download. Fri 25 Aug 14:30:05 EDT 2017
* RansomwareTrackerLockyRansomwareDistributionSiteURLBlocklist List Was An Empty File After Download. Fri 25 Aug 14:30:09 EDT 2017
* StevenBlacksKAD List Was An Empty File After Download. Fri 25 Aug 14:30:09 EDT 2017
* RUAdListOld List Was An Empty File After Download. Fri 25 Aug 14:30:09 EDT 2017
*  List Was An Empty File After Download. Fri 25 Aug 14:30:12 EDT 2017
*  List Was An Empty File After Download. Fri 25 Aug 14:30:12 EDT 2017
*  List Was An Empty File After Download. Fri 25 Aug 14:30:16 EDT 2017
* ROList List Was An Empty File After Download. Fri 25 Aug 14:30:16 EDT 2017
*  List Was An Empty File After Download. Fri 25 Aug 14:30:19 EDT 2017
* RUAdListEasyList List Was An Empty File After Download. Fri 25 Aug 14:30:20 EDT 2017
* SatterlysAdblockPlusFilters List Was An Empty File After Download. Fri 25 Aug 14:30:22 EDT 2017
* RUAdListBitBlock List Was An Empty File After Download. Fri 25 Aug 14:30:23 EDT 2017
* RUAdListBitBlock List Was An Empty File After Download. Fri 25 Aug 14:30:23 EDT 2017
* StevenBlacksKAD List Was An Empty File After Download. Fri 25 Aug 14:30:26 EDT 2017
* StevenBlacksKAD List Was An Empty File After Download. Fri 25 Aug 14:30:26 EDT 2017
*  List Was An Empty File After Download. Fri 25 Aug 14:30:29 EDT 2017
*  List Was An Empty File After Download. Fri 25 Aug 14:30:29 EDT 2017
*  List Was An Empty File After Download. Fri 25 Aug 14:30:29 EDT 2017
*  List Was An Empty File After Download. Fri 25 Aug 14:30:29 EDT 2017
*  List Was An Empty File After Download. Fri 25 Aug 14:30:29 EDT 2017
*  List Was An Empty File After Download. Fri 25 Aug 14:30:29 EDT 2017
*  List Was An Empty File After Download. Fri 25 Aug 14:30:29 EDT 2017
*  List Was An Empty File After Download. Fri 25 Aug 14:30:33 EDT 2017
*  List Was An Empty File After Download. Fri 25 Aug 14:30:33 EDT 2017
* StevenBlacksRiskyHosts List Was An Empty File After Download. Fri 25 Aug 14:30:33 EDT 2017
* SatterlysAdblockPlusFilters List Was An Empty File After Download. Fri 25 Aug 14:30:37 EDT 2017
* RUAdList List Was An Empty File After Download. Fri 25 Aug 14:30:40 EDT 2017
* RUAdListCounters List Was An Empty File After Download. Fri 25 Aug 14:30:43 EDT 2017
* RUAdListCounters List Was An Empty File After Download. Fri 25 Aug 14:30:43 EDT 2017
* RUAdListCounters List Was An Empty File After Download. Fri 25 Aug 14:30:43 EDT 2017
* RUAdListCounters List Was An Empty File After Download. Fri 25 Aug 14:30:43 EDT 2017
* RUAdListCounters List Was An Empty File After Download. Fri 25 Aug 14:30:43 EDT 2017
*  List Was An Empty File After Download. Fri 25 Aug 14:30:46 EDT 2017
*  List Was An Empty File After Download. Fri 25 Aug 14:30:47 EDT 2017
* PrigentMalware List Was An Empty File After Download. Fri 25 Aug 14:30:47 EDT 2017
*  List Was An Empty File After Download. Fri 25 Aug 14:30:50 EDT 2017
* RUAdListOld List Was An Empty File After Download. Fri 25 Aug 14:30:53 EDT 2017
*  List Was An Empty File After Download. Fri 25 Aug 14:30:53 EDT 2017
*  List Was An Empty File After Download. Fri 25 Aug 14:30:53 EDT 2017
* RUAdListEasyList List Was An Empty File After Download. Fri 25 Aug 14:30:55 EDT 2017
* RUAdListEasyList List Was An Empty File After Download. Fri 25 Aug 14:30:56 EDT 2017
* RUAdListEasyList List Was An Empty File After Download. Fri 25 Aug 14:30:56 EDT 2017
* RUAdListEasyList List Was An Empty File After Download. Fri 25 Aug 14:30:56 EDT 2017
*  List Was An Empty File After Download. Fri 25 Aug 14:31:00 EDT 2017
*  List Was An Empty File After Download. Fri 25 Aug 14:31:01 EDT 2017
*  List Was An Empty File After Download. Fri 25 Aug 14:31:01 EDT 2017
* SchuzaksUniversalFilter List Was An Empty File After Download. Fri 25 Aug 14:31:04 EDT 2017
* StevenBlacksSpammers List Was An Empty File After Download. Fri 25 Aug 14:31:07 EDT 2017
* StevenBlacksSpammers List Was An Empty File After Download. Fri 25 Aug 14:31:07 EDT 2017
* RUAdList List Was An Empty File After Download. Fri 25 Aug 14:31:09 EDT 2017
* RUAdList List Was An Empty File After Download. Fri 25 Aug 14:31:11 EDT 2017
* RUAdList List Was An Empty File After Download. Fri 25 Aug 14:31:11 EDT 2017
*  List Was An Empty File After Download. Fri 25 Aug 14:31:11 EDT 2017
*  List Was An Empty File After Download. Fri 25 Aug 14:31:11 EDT 2017
* RUAdList List Was An Empty File After Download. Fri 25 Aug 14:31:11 EDT 2017
*  List Was An Empty File After Download. Fri 25 Aug 14:31:11 EDT 2017
*  List Was An Empty File After Download. Fri 25 Aug 14:31:11 EDT 2017
* RUAdList List Was An Empty File After Download. Fri 25 Aug 14:31:14 EDT 2017
* RUAdList List Was An Empty File After Download. Fri 25 Aug 14:31:15 EDT 2017
* StevenBlacksTrackers List Was An Empty File After Download. Fri 25 Aug 14:31:15 EDT 2017
* SecureMecca List Was An Empty File After Download. Fri 25 Aug 14:31:21 EDT 2017
* SecureMecca List Was An Empty File After Download. Fri 25 Aug 14:31:21 EDT 2017
* SecureMecca List Was An Empty File After Download. Fri 25 Aug 14:31:21 EDT 2017
*  List Was An Empty File After Download. Fri 25 Aug 14:31:21 EDT 2017
*  List Was An Empty File After Download. Fri 25 Aug 14:31:21 EDT 2017
*  List Was An Empty File After Download. Fri 25 Aug 14:31:22 EDT 2017
* SatterlysAdblockPlusFilters List Was An Empty File After Download. Fri 25 Aug 14:31:25 EDT 2017
* SatterlysAdblockPlusFilters List Was An Empty File After Download. Fri 25 Aug 14:31:25 EDT 2017
* SatterlysAdblockPlusFilters List Was An Empty File After Download. Fri 25 Aug 14:31:25 EDT 2017
* SatterlysAdblockPlusFilters List Was An Empty File After Download. Fri 25 Aug 14:31:25 EDT 2017
* SatterlysAdblockPlusFilters List Was An Empty File After Download. Fri 25 Aug 14:31:25 EDT 2017
* SatterlysAdblockPlusFilters List Was An Empty File After Download. Fri 25 Aug 14:31:26 EDT 2017
* ShallaMalicious List Was An Empty File After Download. Fri 25 Aug 14:31:30 EDT 2017
* ShallaMalicious List Was An Empty File After Download. Fri 25 Aug 14:31:30 EDT 2017
* ShallaMalicious List Was An Empty File After Download. Fri 25 Aug 14:31:30 EDT 2017
* ShallaMalicious List Was An Empty File After Download. Fri 25 Aug 14:31:34 EDT 2017
* ShallaMalicious List Was An Empty File After Download. Fri 25 Aug 14:31:35 EDT 2017
* ShallaMalicious List Was An Empty File After Download. Fri 25 Aug 14:31:35 EDT 2017
* ShallaMalicious List Was An Empty File After Download. Fri 25 Aug 14:31:36 EDT 2017
* ShallaMalicious List Was An Empty File After Download. Fri 25 Aug 14:31:36 EDT 2017
* ShallaMalicious List Was An Empty File After Download. Fri 25 Aug 14:31:36 EDT 2017
* ShallaMalicious List Was An Empty File After Download. Fri 25 Aug 14:31:36 EDT 2017
* SamsungSmartTVDomains List Was An Empty File After Download. Fri 25 Aug 14:31:40 EDT 2017
* SamsungSmartTVDomains List Was An Empty File After Download. Fri 25 Aug 14:31:41 EDT 2017
*  List Was An Empty File After Download. Fri 25 Aug 14:31:41 EDT 2017
*  List Was An Empty File After Download. Fri 25 Aug 14:31:41 EDT 2017
*  List Was An Empty File After Download. Fri 25 Aug 14:31:41 EDT 2017
*  List Was An Empty File After Download. Fri 25 Aug 14:31:41 EDT 2017
* Spam404DomainBlacklist List Was An Empty File After Download. Fri 25 Aug 14:31:44 EDT 2017
* Spam404DomainBlacklist List Was An Empty File After Download. Fri 25 Aug 14:31:44 EDT 2017
*  List Was An Empty File After Download. Fri 25 Aug 14:31:45 EDT 2017
* uBlockFiltersPlus List Was An Empty File After Download. Fri 25 Aug 14:31:46 EDT 2017
*  List Was An Empty File After Download. Fri 25 Aug 14:31:47 EDT 2017
*  List Was An Empty File After Download. Fri 25 Aug 14:31:47 EDT 2017
*  List Was An Empty File After Download. Fri 25 Aug 14:31:50 EDT 2017
*  List Was An Empty File After Download. Fri 25 Aug 14:31:50 EDT 2017
*  List Was An Empty File After Download. Fri 25 Aug 14:31:50 EDT 2017
*  List Was An Empty File After Download. Fri 25 Aug 14:31:52 EDT 2017
*  List Was An Empty File After Download. Fri 25 Aug 14:31:54 EDT 2017
* Spam404 List Was An Empty File After Download. Fri 25 Aug 14:31:55 EDT 2017
* RansomwareTrackerCryptoWallRansomwareC2URLBlocklist List Was An Empty File After Download. Fri 25 Aug 14:31:55 EDT 2017
* RansomwareTrackerCryptoWallRansomwareC2URLBlocklist List Was An Empty File After Download. Fri 25 Aug 14:31:55 EDT 2017
* RansomwareTrackerCryptoWallRansomwareC2URLBlocklist List Was An Empty File After Download. Fri 25 Aug 14:31:55 EDT 2017
* SchuzaksUniversalFilter List Was An Empty File After Download. Fri 25 Aug 14:31:59 EDT 2017
* SchuzaksUniversalFilter List Was An Empty File After Download. Fri 25 Aug 14:31:59 EDT 2017
* uBlockPolishFiltersSupplement List Was An Empty File After Download. Fri 25 Aug 14:32:01 EDT 2017
*  List Was An Empty File After Download. Fri 25 Aug 14:32:01 EDT 2017
*  List Was An Empty File After Download. Fri 25 Aug 14:32:01 EDT 2017
*  List Was An Empty File After Download. Fri 25 Aug 14:32:01 EDT 2017
* Spam404 List Was An Empty File After Download. Fri 25 Aug 14:32:02 EDT 2017
* SchacksAdblockPlusList List Was An Empty File After Download. Fri 25 Aug 14:32:05 EDT 2017
* SchacksAdblockPlusList List Was An Empty File After Download. Fri 25 Aug 14:32:05 EDT 2017
*  List Was An Empty File After Download. Fri 25 Aug 14:32:06 EDT 2017
*  List Was An Empty File After Download. Fri 25 Aug 14:32:07 EDT 2017
* SchacksAdblockPlusList List Was An Empty File After Download. Fri 25 Aug 14:32:09 EDT 2017
* SchacksAdblockPlusList List Was An Empty File After Download. Fri 25 Aug 14:32:09 EDT 2017
* SchacksAdblockPlusList List Was An Empty File After Download. Fri 25 Aug 14:32:09 EDT 2017
* RansomwareTrackerCryptoWallRansomwarePaymentSitesDomainBlocklist List Was An Empty File After Download. Fri 25 Aug 14:32:09 EDT 2017
* RansomwareTrackerCryptoWallRansomwarePaymentSitesDomainBlocklist List Was An Empty File After Download. Fri 25 Aug 14:32:09 EDT 2017
*  List Was An Empty File After Download. Fri 25 Aug 14:32:14 EDT 2017
*  List Was An Empty File After Download. Fri 25 Aug 14:32:15 EDT 2017
*  List Was An Empty File After Download. Fri 25 Aug 14:32:15 EDT 2017
*  List Was An Empty File After Download. Fri 25 Aug 14:32:15 EDT 2017
* RansomwareTrackerTorrentLockerRansomwareC2IPBlocklist List Was An Empty File After Download. Fri 25 Aug 14:32:15 EDT 2017
* SpamAssassinBillStearns List Was An Empty File After Download. Fri 25 Aug 14:32:16 EDT 2017
* StevenBlacksUnifiedHostsFakenewsGamblingPorn List Was An Empty File After Download. Fri 25 Aug 14:32:19 EDT 2017
*  List Was An Empty File After Download. Fri 25 Aug 14:32:19 EDT 2017
*  List Was An Empty File After Download. Fri 25 Aug 14:32:19 EDT 2017
* SchuzaksUniversalFilter List Was An Empty File After Download. Fri 25 Aug 14:32:22 EDT 2017
* SchuzaksUniversalFilter List Was An Empty File After Download. Fri 25 Aug 14:32:22 EDT 2017
* Spam404DomainBlacklist List Was An Empty File After Download. Fri 25 Aug 14:32:23 EDT 2017
* Spam404DomainBlacklist List Was An Empty File After Download. Fri 25 Aug 14:32:23 EDT 2017
* Spam404DomainBlacklist List Was An Empty File After Download. Fri 25 Aug 14:32:25 EDT 2017
* Spam404DomainBlacklist List Was An Empty File After Download. Fri 25 Aug 14:32:25 EDT 2017
* ShallaMalicious List Was An Empty File After Download. Fri 25 Aug 14:32:27 EDT 2017
* squidblacklist List Was An Empty File After Download. Fri 25 Aug 14:32:29 EDT 2017
*  List Was An Empty File After Download. Fri 25 Aug 14:32:29 EDT 2017
* SpotifyAds List Was An Empty File After Download. Fri 25 Aug 14:32:30 EDT 2017
* SpotifyAds List Was An Empty File After Download. Fri 25 Aug 14:32:30 EDT 2017
* StevenBlacksUnifiedHostsFakenews List Was An Empty File After Download. Fri 25 Aug 14:32:33 EDT 2017
* StevenBlacksUnifiedHostsFakenews List Was An Empty File After Download. Fri 25 Aug 14:32:33 EDT 2017
* StevenBlacksUnifiedHostsFakenews List Was An Empty File After Download. Fri 25 Aug 14:32:33 EDT 2017
* Spam404 List Was An Empty File After Download. Fri 25 Aug 14:32:36 EDT 2017
* Spam404 List Was An Empty File After Download. Fri 25 Aug 14:32:36 EDT 2017
* SecureMecca List Was An Empty File After Download. Fri 25 Aug 14:32:36 EDT 2017
* SecureMecca List Was An Empty File After Download. Fri 25 Aug 14:32:37 EDT 2017
* UniversiteToulouseAds List Was An Empty File After Download. Fri 25 Aug 14:32:42 EDT 2017
*  List Was An Empty File After Download. Fri 25 Aug 14:32:43 EDT 2017
*  List Was An Empty File After Download. Fri 25 Aug 14:32:43 EDT 2017
* ShallaMalicious List Was An Empty File After Download. Fri 25 Aug 14:32:44 EDT 2017
* RansomwareTrackerIPBlocklist List Was An Empty File After Download. Fri 25 Aug 14:32:47 EDT 2017
* RansomwareTrackerIPBlocklist List Was An Empty File After Download. Fri 25 Aug 14:32:47 EDT 2017
* RansomwareTrackerIPBlocklist List Was An Empty File After Download. Fri 25 Aug 14:32:49 EDT 2017
* Spam404 List Was An Empty File After Download. Fri 25 Aug 14:32:50 EDT 2017
* ShallaMalicious List Was An Empty File After Download. Fri 25 Aug 14:32:51 EDT 2017
* ShallaMalicious List Was An Empty File After Download. Fri 25 Aug 14:32:51 EDT 2017
* ShallaMalicious List Was An Empty File After Download. Fri 25 Aug 14:32:51 EDT 2017
* ShallaMalicious List Was An Empty File After Download. Fri 25 Aug 14:32:53 EDT 2017
* ShallaMalicious List Was An Empty File After Download. Fri 25 Aug 14:32:53 EDT 2017
* ShallaMalicious List Was An Empty File After Download. Fri 25 Aug 14:32:53 EDT 2017
* ShallaMalicious List Was An Empty File After Download. Fri 25 Aug 14:32:53 EDT 2017
*  List Was An Empty File After Download. Fri 25 Aug 14:32:57 EDT 2017
*  List Was An Empty File After Download. Fri 25 Aug 14:32:57 EDT 2017
* UniversiteToulouseAdult List Was An Empty File After Download. Fri 25 Aug 14:32:58 EDT 2017
*  List Was An Empty File After Download. Fri 25 Aug 14:33:03 EDT 2017
*  List Was An Empty File After Download. Fri 25 Aug 14:33:03 EDT 2017
*  List Was An Empty File After Download. Fri 25 Aug 14:33:03 EDT 2017
* Spam404DomainBlacklist List Was An Empty File After Download. Fri 25 Aug 14:33:04 EDT 2017
* Spam404DomainBlacklist List Was An Empty File After Download. Fri 25 Aug 14:33:04 EDT 2017
* Spam404DomainBlacklist List Was An Empty File After Download. Fri 25 Aug 14:33:04 EDT 2017
* Spam404DomainBlacklist List Was An Empty File After Download. Fri 25 Aug 14:33:05 EDT 2017
*  List Was An Empty File After Download. Fri 25 Aug 14:33:06 EDT 2017
*  List Was An Empty File After Download. Fri 25 Aug 14:33:07 EDT 2017
*  List Was An Empty File After Download. Fri 25 Aug 14:33:07 EDT 2017
*  List Was An Empty File After Download. Fri 25 Aug 14:33:07 EDT 2017
* StevenBlacksUnifiedHosts List Was An Empty File After Download. Fri 25 Aug 14:33:07 EDT 2017
*  List Was An Empty File After Download. Fri 25 Aug 14:33:11 EDT 2017
*  List Was An Empty File After Download. Fri 25 Aug 14:33:11 EDT 2017
*  List Was An Empty File After Download. Fri 25 Aug 14:33:11 EDT 2017
* StevenBlacksMicrosoftTelemetry List Was An Empty File After Download. Fri 25 Aug 14:33:14 EDT 2017
* Spam404 List Was An Empty File After Download. Fri 25 Aug 14:33:14 EDT 2017
* StevenBlacksUnifiedHostsGamblingPorn List Was An Empty File After Download. Fri 25 Aug 14:33:14 EDT 2017
* squidblacklist List Was An Empty File After Download. Fri 25 Aug 14:33:17 EDT 2017
*  List Was An Empty File After Download. Fri 25 Aug 14:33:20 EDT 2017
*  List Was An Empty File After Download. Fri 25 Aug 14:33:20 EDT 2017
*  List Was An Empty File After Download. Fri 25 Aug 14:33:20 EDT 2017
*  List Was An Empty File After Download. Fri 25 Aug 14:33:20 EDT 2017
* StevenBlacksSpammers List Was An Empty File After Download. Fri 25 Aug 14:33:21 EDT 2017
* StevenBlacksSpammers List Was An Empty File After Download. Fri 25 Aug 14:33:21 EDT 2017
* StevenBlacksSpammers List Was An Empty File After Download. Fri 25 Aug 14:33:21 EDT 2017
* StevenBlacksSpammers List Was An Empty File After Download. Fri 25 Aug 14:33:21 EDT 2017
* StevenBlacksSpammers List Was An Empty File After Download. Fri 25 Aug 14:33:21 EDT 2017
*  List Was An Empty File After Download. Fri 25 Aug 14:33:24 EDT 2017
*  List Was An Empty File After Download. Fri 25 Aug 14:33:25 EDT 2017
* SpotifyAds List Was An Empty File After Download. Fri 25 Aug 14:33:25 EDT 2017
* UniversiteToulousePhishing List Was An Empty File After Download. Fri 25 Aug 14:33:28 EDT 2017
* StevenBlacksUnifiedHosts List Was An Empty File After Download. Fri 25 Aug 14:33:28 EDT 2017
*  List Was An Empty File After Download. Fri 25 Aug 14:33:34 EDT 2017
* StevenBlacksSpotifyAds List Was An Empty File After Download. Fri 25 Aug 14:33:35 EDT 2017
* StevenBlacksSpotifyAds List Was An Empty File After Download. Fri 25 Aug 14:33:35 EDT 2017
* StevenBlacksSpotifyAds List Was An Empty File After Download. Fri 25 Aug 14:33:35 EDT 2017
* SpamAssassinBillStearns List Was An Empty File After Download. Fri 25 Aug 14:33:35 EDT 2017
* SpamAssassinBillStearns List Was An Empty File After Download. Fri 25 Aug 14:33:35 EDT 2017
* SpamAssassinBillStearns List Was An Empty File After Download. Fri 25 Aug 14:33:35 EDT 2017
* SpamAssassinBillStearns List Was An Empty File After Download. Fri 25 Aug 14:33:36 EDT 2017
*  List Was An Empty File After Download. Fri 25 Aug 14:33:38 EDT 2017
*  List Was An Empty File After Download. Fri 25 Aug 14:33:38 EDT 2017
* StevenBlacksRiskyHosts List Was An Empty File After Download. Fri 25 Aug 14:33:41 EDT 2017
* StevenBlacksRiskyHosts List Was An Empty File After Download. Fri 25 Aug 14:33:41 EDT 2017
*  List Was An Empty File After Download. Fri 25 Aug 14:33:42 EDT 2017
* StevenBlacksRiskyHosts List Was An Empty File After Download. Fri 25 Aug 14:33:42 EDT 2017
* StevenBlacksSpammers List Was An Empty File After Download. Fri 25 Aug 14:33:42 EDT 2017
* SpotifyAds List Was An Empty File After Download. Fri 25 Aug 14:33:47 EDT 2017
*  List Was An Empty File After Download. Fri 25 Aug 14:33:48 EDT 2017
* StevenBlacksTrackers List Was An Empty File After Download. Fri 25 Aug 14:33:48 EDT 2017
* SpotifyAds List Was An Empty File After Download. Fri 25 Aug 14:33:49 EDT 2017
* SpotifyAds List Was An Empty File After Download. Fri 25 Aug 14:33:49 EDT 2017
* SpotifyAds List Was An Empty File After Download. Fri 25 Aug 14:33:49 EDT 2017
* SpotifyAds List Was An Empty File After Download. Fri 25 Aug 14:33:49 EDT 2017
* SpotifyAds List Was An Empty File After Download. Fri 25 Aug 14:33:49 EDT 2017
* TakoYachtygiftcardkiller List Was An Empty File After Download. Fri 25 Aug 14:33:53 EDT 2017
* TakoYachtygiftcardkiller List Was An Empty File After Download. Fri 25 Aug 14:33:53 EDT 2017
*  List Was An Empty File After Download. Fri 25 Aug 14:33:54 EDT 2017
* Vokins List Was An Empty File After Download. Fri 25 Aug 14:33:57 EDT 2017
* Vokins List Was An Empty File After Download. Fri 25 Aug 14:33:57 EDT 2017
* Vokins List Was An Empty File After Download. Fri 25 Aug 14:33:57 EDT 2017
* Vokins List Was An Empty File After Download. Fri 25 Aug 14:33:57 EDT 2017
* Vokins List Was An Empty File After Download. Fri 25 Aug 14:33:58 EDT 2017
* StevenBlacksSpotifyAds List Was An Empty File After Download. Fri 25 Aug 14:34:02 EDT 2017
* StevenBlacksSpotifyAds List Was An Empty File After Download. Fri 25 Aug 14:34:02 EDT 2017
* StevenBlacksSpotifyAds List Was An Empty File After Download. Fri 25 Aug 14:34:02 EDT 2017
* StevenBlacksSpotifyAds List Was An Empty File After Download. Fri 25 Aug 14:34:03 EDT 2017
*  List Was An Empty File After Download. Fri 25 Aug 14:34:03 EDT 2017
*  List Was An Empty File After Download. Fri 25 Aug 14:34:03 EDT 2017
*  List Was An Empty File After Download. Fri 25 Aug 14:34:03 EDT 2017
*  List Was An Empty File After Download. Fri 25 Aug 14:34:03 EDT 2017
* squidblacklist List Was An Empty File After Download. Fri 25 Aug 14:34:04 EDT 2017
* RansomwareTrackerTeslaCryptRansomwareC2DomainBlocklist List Was An Empty File After Download. Fri 25 Aug 14:34:07 EDT 2017
* RansomwareTrackerTeslaCryptRansomwareC2DomainBlocklist List Was An Empty File After Download. Fri 25 Aug 14:34:07 EDT 2017
* StevenBlacksKAD List Was An Empty File After Download. Fri 25 Aug 14:34:09 EDT 2017
* StevenBlacksRiskyHosts List Was An Empty File After Download. Fri 25 Aug 14:34:12 EDT 2017
* StevenBlacksRiskyHosts List Was An Empty File After Download. Fri 25 Aug 14:34:13 EDT 2017
* StevenBlacksRiskyHosts List Was An Empty File After Download. Fri 25 Aug 14:34:13 EDT 2017
* StevenBlacksRiskyHosts List Was An Empty File After Download. Fri 25 Aug 14:34:13 EDT 2017
* StevenBlacksRiskyHosts List Was An Empty File After Download. Fri 25 Aug 14:34:13 EDT 2017
*  List Was An Empty File After Download. Fri 25 Aug 14:34:13 EDT 2017
* StevenBlacksTrackers List Was An Empty File After Download. Fri 25 Aug 14:34:17 EDT 2017
* StevenBlacksTrackers List Was An Empty File After Download. Fri 25 Aug 14:34:18 EDT 2017
* StevenBlacksTrackers List Was An Empty File After Download. Fri 25 Aug 14:34:18 EDT 2017
* StevenBlacksTrackers List Was An Empty File After Download. Fri 25 Aug 14:34:18 EDT 2017
* StevenBlacksTrackers List Was An Empty File After Download. Fri 25 Aug 14:34:18 EDT 2017
* StevenBlacksTrackers List Was An Empty File After Download. Fri 25 Aug 14:34:19 EDT 2017
* RansomwareTrackerTeslaCryptRansomwareC2URLBlocklist List Was An Empty File After Download. Fri 25 Aug 14:34:21 EDT 2017
* RansomwareTrackerTeslaCryptRansomwareC2URLBlocklist List Was An Empty File After Download. Fri 25 Aug 14:34:21 EDT 2017
* RansomwareTrackerTeslaCryptRansomwareC2URLBlocklist List Was An Empty File After Download. Fri 25 Aug 14:34:22 EDT 2017
* StevenBlacksKAD List Was An Empty File After Download. Fri 25 Aug 14:34:26 EDT 2017
* StevenBlacksKAD List Was An Empty File After Download. Fri 25 Aug 14:34:26 EDT 2017
* StevenBlacksKAD List Was An Empty File After Download. Fri 25 Aug 14:34:26 EDT 2017
* StevenBlacksSpammers List Was An Empty File After Download. Fri 25 Aug 14:34:27 EDT 2017
* StevenBlacksSpammers List Was An Empty File After Download. Fri 25 Aug 14:34:27 EDT 2017
* StevenBlacksSpammers List Was An Empty File After Download. Fri 25 Aug 14:34:27 EDT 2017
* StevenBlacksKAD List Was An Empty File After Download. Fri 25 Aug 14:34:30 EDT 2017
*  List Was An Empty File After Download. Fri 25 Aug 14:34:33 EDT 2017
*  List Was An Empty File After Download. Fri 25 Aug 14:34:33 EDT 2017
* StevenBlacksRiskyHosts List Was An Empty File After Download. Fri 25 Aug 14:34:34 EDT 2017
* StevenBlacksRiskyHosts List Was An Empty File After Download. Fri 25 Aug 14:34:34 EDT 2017
* RansomwareTrackerTeslaCryptRansomwareDistributionSiteURLBlocklist List Was An Empty File After Download. Fri 25 Aug 14:34:34 EDT 2017
* RansomwareTrackerTeslaCryptRansomwareDistributionSiteURLBlocklist List Was An Empty File After Download. Fri 25 Aug 14:34:34 EDT 2017
* RansomwareTrackerTeslaCryptRansomwareDistributionSiteURLBlocklist List Was An Empty File After Download. Fri 25 Aug 14:34:34 EDT 2017
*  List Was An Empty File After Download. Fri 25 Aug 14:34:37 EDT 2017
* RansomwareTrackerTeslaCryptRansomwareDistributionSiteURLBlocklist List Was An Empty File After Download. Fri 25 Aug 14:34:37 EDT 2017
*  List Was An Empty File After Download. Fri 25 Aug 14:34:37 EDT 2017
* StevenBlacksRiskyHosts List Was An Empty File After Download. Fri 25 Aug 14:34:38 EDT 2017
* StevenBlacksRiskyHosts List Was An Empty File After Download. Fri 25 Aug 14:34:38 EDT 2017
*  List Was An Empty File After Download. Fri 25 Aug 14:34:40 EDT 2017
* WiltteriReborn List Was An Empty File After Download. Fri 25 Aug 14:34:41 EDT 2017
*  List Was An Empty File After Download. Fri 25 Aug 14:34:45 EDT 2017
* RansomwareTrackerTeslaCryptRansomwarePaymentSitesDomainBlocklist List Was An Empty File After Download. Fri 25 Aug 14:34:48 EDT 2017
* RansomwareTrackerTeslaCryptRansomwarePaymentSitesDomainBlocklist List Was An Empty File After Download. Fri 25 Aug 14:34:48 EDT 2017
* RansomwareTrackerTeslaCryptRansomwarePaymentSitesDomainBlocklist List Was An Empty File After Download. Fri 25 Aug 14:34:49 EDT 2017
* RansomwareTrackerTeslaCryptRansomwarePaymentSitesDomainBlocklist List Was An Empty File After Download. Fri 25 Aug 14:34:49 EDT 2017
* RansomwareTrackerTeslaCryptRansomwarePaymentSitesDomainBlocklist List Was An Empty File After Download. Fri 25 Aug 14:34:49 EDT 2017
* RansomwareTrackerTeslaCryptRansomwarePaymentSitesDomainBlocklist List Was An Empty File After Download. Fri 25 Aug 14:34:51 EDT 2017
* RansomwareTrackerTeslaCryptRansomwarePaymentSitesDomainBlocklist List Was An Empty File After Download. Fri 25 Aug 14:34:51 EDT 2017
*  List Was An Empty File After Download. Fri 25 Aug 14:34:51 EDT 2017
* StevenBlacksSpammers List Was An Empty File After Download. Fri 25 Aug 14:34:52 EDT 2017
* StevenBlacksSpammers List Was An Empty File After Download. Fri 25 Aug 14:34:52 EDT 2017
*  List Was An Empty File After Download. Fri 25 Aug 14:34:54 EDT 2017
*  List Was An Empty File After Download. Fri 25 Aug 14:34:54 EDT 2017
* RansomwareTrackerTeslaCryptRansomwarePaymentSitesIPBlocklist List Was An Empty File After Download. Fri 25 Aug 14:34:59 EDT 2017
* RUAdListEasyList List Was An Empty File After Download. Fri 25 Aug 14:35:01 EDT 2017
* StevenBlacksUnifiedHostsFakenewsPorn List Was An Empty File After Download. Fri 25 Aug 14:35:02 EDT 2017
* StevenBlacksUnifiedHostsFakenewsPorn List Was An Empty File After Download. Fri 25 Aug 14:35:02 EDT 2017
* StevenBlacksUnifiedHostsFakenewsPorn List Was An Empty File After Download. Fri 25 Aug 14:35:02 EDT 2017
* StevenBlacksSpotifyAds List Was An Empty File After Download. Fri 25 Aug 14:35:05 EDT 2017
* StevenBlacksSpotifyAds List Was An Empty File After Download. Fri 25 Aug 14:35:05 EDT 2017
*  List Was An Empty File After Download. Fri 25 Aug 14:35:06 EDT 2017
*  List Was An Empty File After Download. Fri 25 Aug 14:35:06 EDT 2017
*  List Was An Empty File After Download. Fri 25 Aug 14:35:06 EDT 2017
*  List Was An Empty File After Download. Fri 25 Aug 14:35:06 EDT 2017
* StevenBlacksSpotifyAds List Was An Empty File After Download. Fri 25 Aug 14:35:07 EDT 2017
* StevenBlacksSpotifyAds List Was An Empty File After Download. Fri 25 Aug 14:35:07 EDT 2017
* StevenBlacksUncheckyAds List Was An Empty File After Download. Fri 25 Aug 14:35:09 EDT 2017
* WindowsSpyBlocker7 List Was An Empty File After Download. Fri 25 Aug 14:35:09 EDT 2017
*  List Was An Empty File After Download. Fri 25 Aug 14:35:14 EDT 2017
*  List Was An Empty File After Download. Fri 25 Aug 14:35:16 EDT 2017
*  List Was An Empty File After Download. Fri 25 Aug 14:35:16 EDT 2017
*  List Was An Empty File After Download. Fri 25 Aug 14:35:18 EDT 2017
*  List Was An Empty File After Download. Fri 25 Aug 14:35:18 EDT 2017
* StevenBlacksTrackers List Was An Empty File After Download. Fri 25 Aug 14:35:20 EDT 2017
* StevenBlacksTrackers List Was An Empty File After Download. Fri 25 Aug 14:35:20 EDT 2017
* StevenBlacksTrackers List Was An Empty File After Download. Fri 25 Aug 14:35:20 EDT 2017
* StevenBlacksTrackers List Was An Empty File After Download. Fri 25 Aug 14:35:20 EDT 2017
* StevenBlacksTrackers List Was An Empty File After Download. Fri 25 Aug 14:35:20 EDT 2017
* StevenBlacksTrackers List Was An Empty File After Download. Fri 25 Aug 14:35:20 EDT 2017
*  List Was An Empty File After Download. Fri 25 Aug 14:35:24 EDT 2017
* StevenBlacksUnifiedHostsFakenews List Was An Empty File After Download. Fri 25 Aug 14:35:25 EDT 2017
* StevenBlacksUnifiedHostsFakenewsPorn List Was An Empty File After Download. Fri 25 Aug 14:35:26 EDT 2017
*  List Was An Empty File After Download. Fri 25 Aug 14:35:30 EDT 2017
*  List Was An Empty File After Download. Fri 25 Aug 14:35:31 EDT 2017
*  List Was An Empty File After Download. Fri 25 Aug 14:35:31 EDT 2017
*  List Was An Empty File After Download. Fri 25 Aug 14:35:31 EDT 2017
*  List Was An Empty File After Download. Fri 25 Aug 14:35:32 EDT 2017
*  List Was An Empty File After Download. Fri 25 Aug 14:35:32 EDT 2017
*  List Was An Empty File After Download. Fri 25 Aug 14:35:32 EDT 2017
*  List Was An Empty File After Download. Fri 25 Aug 14:35:32 EDT 2017
*  List Was An Empty File After Download. Fri 25 Aug 14:35:33 EDT 2017
* StevenBlacksUncheckyAds List Was An Empty File After Download. Fri 25 Aug 14:35:34 EDT 2017
* StevenBlacksTrackers List Was An Empty File After Download. Fri 25 Aug 14:35:39 EDT 2017
* StevenBlacksTrackers List Was An Empty File After Download. Fri 25 Aug 14:35:40 EDT 2017
* StevenBlacksUnifiedHostsFakenewsPorn List Was An Empty File After Download. Fri 25 Aug 14:35:40 EDT 2017
* StevenBlacksUnifiedHosts List Was An Empty File After Download. Fri 25 Aug 14:35:46 EDT 2017
*  List Was An Empty File After Download. Fri 25 Aug 14:35:47 EDT 2017
*  List Was An Empty File After Download. Fri 25 Aug 14:35:47 EDT 2017
* StevenBlacksUnifiedHostsFakenewsGambling List Was An Empty File After Download. Fri 25 Aug 14:35:47 EDT 2017
* StevenBlacksUnifiedHostsFakenewsGambling List Was An Empty File After Download. Fri 25 Aug 14:35:48 EDT 2017
* StevenBlacksUnifiedHostsFakenewsGambling List Was An Empty File After Download. Fri 25 Aug 14:35:48 EDT 2017
* StevenBlacksUnifiedHostsFakenewsGambling List Was An Empty File After Download. Fri 25 Aug 14:35:48 EDT 2017
* StevenBlacksUnifiedHostsFakenewsGambling List Was An Empty File After Download. Fri 25 Aug 14:35:48 EDT 2017
* StevenBlacksUnifiedHostsFakenewsGambling List Was An Empty File After Download. Fri 25 Aug 14:35:48 EDT 2017
* StevenBlacksUnifiedHostsFakenewsGambling List Was An Empty File After Download. Fri 25 Aug 14:35:49 EDT 2017
* StevenBlacksUnifiedHostsFakenewsGambling List Was An Empty File After Download. Fri 25 Aug 14:35:49 EDT 2017
*  List Was An Empty File After Download. Fri 25 Aug 14:35:54 EDT 2017
* StevenBlacksUncheckyAds List Was An Empty File After Download. Fri 25 Aug 14:35:55 EDT 2017
*  List Was An Empty File After Download. Fri 25 Aug 14:35:56 EDT 2017
*  List Was An Empty File After Download. Fri 25 Aug 14:36:01 EDT 2017
*  List Was An Empty File After Download. Fri 25 Aug 14:36:01 EDT 2017
*  List Was An Empty File After Download. Fri 25 Aug 14:36:01 EDT 2017
* StevenBlacksUnifiedHostsFakenewsGamblingPorn List Was An Empty File After Download. Fri 25 Aug 14:36:02 EDT 2017
* StevenBlacksUnifiedHostsFakenewsGamblingPorn List Was An Empty File After Download. Fri 25 Aug 14:36:02 EDT 2017
* StevenBlacksUnifiedHostsFakenewsGamblingPorn List Was An Empty File After Download. Fri 25 Aug 14:36:02 EDT 2017
*  List Was An Empty File After Download. Fri 25 Aug 14:36:03 EDT 2017
* StevenBlacksUnifiedHostsFakenewsGamblingPorn List Was An Empty File After Download. Fri 25 Aug 14:36:03 EDT 2017
*  List Was An Empty File After Download. Fri 25 Aug 14:36:03 EDT 2017
* StevenBlacksUnifiedHostsFakenewsGamblingPorn List Was An Empty File After Download. Fri 25 Aug 14:36:03 EDT 2017
* StevenBlacksUnifiedHostsFakenewsGamblingPorn List Was An Empty File After Download. Fri 25 Aug 14:36:04 EDT 2017
* StevenBlacksUnifiedHostsFakenewsGamblingPorn List Was An Empty File After Download. Fri 25 Aug 14:36:04 EDT 2017
* StevenBlacksUnifiedHostsFakenewsGamblingPorn List Was An Empty File After Download. Fri 25 Aug 14:36:04 EDT 2017
* StevenBlacksUnifiedHostsFakenewsGamblingPorn List Was An Empty File After Download. Fri 25 Aug 14:36:04 EDT 2017
* StevenBlacksUnifiedHosts List Was An Empty File After Download. Fri 25 Aug 14:36:09 EDT 2017
*  List Was An Empty File After Download. Fri 25 Aug 14:36:10 EDT 2017
* StevenBlacksUnifiedHosts List Was An Empty File After Download. Fri 25 Aug 14:36:12 EDT 2017
* SVNSlovenian List Was An Empty File After Download. Fri 25 Aug 14:36:16 EDT 2017
* StevenBlacksUnifiedHostsFakenews List Was An Empty File After Download. Fri 25 Aug 14:36:17 EDT 2017
* StevenBlacksUnifiedHostsFakenews List Was An Empty File After Download. Fri 25 Aug 14:36:17 EDT 2017
* StevenBlacksUnifiedHostsFakenews List Was An Empty File After Download. Fri 25 Aug 14:36:17 EDT 2017
* StevenBlacksUnifiedHostsFakenews List Was An Empty File After Download. Fri 25 Aug 14:36:18 EDT 2017
* StevenBlacksUnifiedHostsFakenews List Was An Empty File After Download. Fri 25 Aug 14:36:18 EDT 2017
*  List Was An Empty File After Download. Fri 25 Aug 14:36:18 EDT 2017
*  List Was An Empty File After Download. Fri 25 Aug 14:36:19 EDT 2017
*  List Was An Empty File After Download. Fri 25 Aug 14:36:19 EDT 2017
*  List Was An Empty File After Download. Fri 25 Aug 14:36:19 EDT 2017
*  List Was An Empty File After Download. Fri 25 Aug 14:36:19 EDT 2017
*  List Was An Empty File After Download. Fri 25 Aug 14:36:19 EDT 2017
* StevenBlacksUnifiedHostsFakenews List Was An Empty File After Download. Fri 25 Aug 14:36:19 EDT 2017
* StevenBlacksUnifiedHostsFakenews List Was An Empty File After Download. Fri 25 Aug 14:36:19 EDT 2017
*  List Was An Empty File After Download. Fri 25 Aug 14:36:25 EDT 2017
*  List Was An Empty File After Download. Fri 25 Aug 14:36:26 EDT 2017
*  List Was An Empty File After Download. Fri 25 Aug 14:36:31 EDT 2017
* TakoYachtygiftcardkiller List Was An Empty File After Download. Fri 25 Aug 14:36:31 EDT 2017
* StevenBlacksUnifiedHostsFakenewsPorn List Was An Empty File After Download. Fri 25 Aug 14:36:32 EDT 2017
* StevenBlacksUnifiedHostsFakenewsPorn List Was An Empty File After Download. Fri 25 Aug 14:36:33 EDT 2017
* StevenBlacksUnifiedHostsFakenewsPorn List Was An Empty File After Download. Fri 25 Aug 14:36:34 EDT 2017
* StevenBlacksUnifiedHostsFakenewsPorn List Was An Empty File After Download. Fri 25 Aug 14:36:34 EDT 2017
* StevenBlacksUnifiedHostsFakenewsPorn List Was An Empty File After Download. Fri 25 Aug 14:36:34 EDT 2017
* StevenBlacksUnifiedHostsFakenewsPorn List Was An Empty File After Download. Fri 25 Aug 14:36:35 EDT 2017
*  List Was An Empty File After Download. Fri 25 Aug 14:36:42 EDT 2017
*  List Was An Empty File After Download. Fri 25 Aug 14:36:42 EDT 2017
* TheHostsFileProjectAdblockFilters List Was An Empty File After Download. Fri 25 Aug 14:36:44 EDT 2017
* StevenBlacksUnifiedHostsGambling List Was An Empty File After Download. Fri 25 Aug 14:36:47 EDT 2017
* StevenBlacksUnifiedHostsGambling List Was An Empty File After Download. Fri 25 Aug 14:36:47 EDT 2017
* StevenBlacksUnifiedHostsGambling List Was An Empty File After Download. Fri 25 Aug 14:36:47 EDT 2017
* StevenBlacksUnifiedHostsGambling List Was An Empty File After Download. Fri 25 Aug 14:36:47 EDT 2017
* StevenBlacksUnifiedHostsGambling List Was An Empty File After Download. Fri 25 Aug 14:36:48 EDT 2017
* StevenBlacksUnifiedHostsGambling List Was An Empty File After Download. Fri 25 Aug 14:36:48 EDT 2017
*  List Was An Empty File After Download. Fri 25 Aug 14:36:49 EDT 2017
*  List Was An Empty File After Download. Fri 25 Aug 14:36:50 EDT 2017
* uAssetsUnbreak List Was An Empty File After Download. Fri 25 Aug 14:36:50 EDT 2017
* StevenBlacksUnifiedHostsFakenewsPorn List Was An Empty File After Download. Fri 25 Aug 14:36:53 EDT 2017
* StevenBlacksUnifiedHostsFakenewsPorn List Was An Empty File After Download. Fri 25 Aug 14:36:53 EDT 2017
* TheHostsFileProjectHosts List Was An Empty File After Download. Fri 25 Aug 14:36:58 EDT 2017
* TheHostsFileProjectHosts List Was An Empty File After Download. Fri 25 Aug 14:36:58 EDT 2017
*  List Was An Empty File After Download. Fri 25 Aug 14:36:59 EDT 2017
* StevenBlacksUnifiedHostsGamblingPorn List Was An Empty File After Download. Fri 25 Aug 14:37:00 EDT 2017
* StevenBlacksUnifiedHostsGamblingPorn List Was An Empty File After Download. Fri 25 Aug 14:37:00 EDT 2017
* uBlockAntiskimming List Was An Empty File After Download. Fri 25 Aug 14:37:03 EDT 2017
* uBlockAntiskimming List Was An Empty File After Download. Fri 25 Aug 14:37:04 EDT 2017
* uBlockAntiskimming List Was An Empty File After Download. Fri 25 Aug 14:37:04 EDT 2017
*  List Was An Empty File After Download. Fri 25 Aug 14:37:07 EDT 2017
*  List Was An Empty File After Download. Fri 25 Aug 14:37:07 EDT 2017
* Spam404DomainBlacklist List Was An Empty File After Download. Fri 25 Aug 14:37:10 EDT 2017
*  List Was An Empty File After Download. Fri 25 Aug 14:37:14 EDT 2017
* StevenBlacksUnifiedHosts List Was An Empty File After Download. Fri 25 Aug 14:37:14 EDT 2017
*  List Was An Empty File After Download. Fri 25 Aug 14:37:16 EDT 2017
*  List Was An Empty File After Download. Fri 25 Aug 14:37:17 EDT 2017
*  List Was An Empty File After Download. Fri 25 Aug 14:37:17 EDT 2017
*  List Was An Empty File After Download. Fri 25 Aug 14:37:17 EDT 2017
* uBlockFiltersPlus List Was An Empty File After Download. Fri 25 Aug 14:37:17 EDT 2017
* uBlockFiltersPlus List Was An Empty File After Download. Fri 25 Aug 14:37:17 EDT 2017
* uBlockFiltersPlus List Was An Empty File After Download. Fri 25 Aug 14:37:18 EDT 2017
* uBlockFiltersPlus List Was An Empty File After Download. Fri 25 Aug 14:37:18 EDT 2017
* uBlockFiltersPlus List Was An Empty File After Download. Fri 25 Aug 14:37:18 EDT 2017
* StevenBlacksUnifiedHostsGamblingPorn List Was An Empty File After Download. Fri 25 Aug 14:37:21 EDT 2017
* TheHostsFileProjectAdblockFilters List Was An Empty File After Download. Fri 25 Aug 14:37:21 EDT 2017
* StevenBlacksUnifiedHostsGamblingPorn List Was An Empty File After Download. Fri 25 Aug 14:37:24 EDT 2017
* TheHostsFileProjectAdblockFilters List Was An Empty File After Download. Fri 25 Aug 14:37:24 EDT 2017
* StevenBlacksUnifiedHostsPorn List Was An Empty File After Download. Fri 25 Aug 14:37:30 EDT 2017
* ThoughtconvergesCustomAdBlockFilters List Was An Empty File After Download. Fri 25 Aug 14:37:31 EDT 2017
* ThoughtconvergesCustomAdBlockFilters List Was An Empty File After Download. Fri 25 Aug 14:37:32 EDT 2017
* ThoughtconvergesCustomAdBlockFilters List Was An Empty File After Download. Fri 25 Aug 14:37:32 EDT 2017
* uBlockPolishFiltersSupplement List Was An Empty File After Download. Fri 25 Aug 14:37:32 EDT 2017
* uBlockPolishFiltersSupplement List Was An Empty File After Download. Fri 25 Aug 14:37:32 EDT 2017
*  List Was An Empty File After Download. Fri 25 Aug 14:37:34 EDT 2017
* StevenBlacksUnifiedHosts List Was An Empty File After Download. Fri 25 Aug 14:37:35 EDT 2017
* StevenBlacksUnifiedHosts List Was An Empty File After Download. Fri 25 Aug 14:37:35 EDT 2017
* ThoughtconvergesCustomAdBlockFilters List Was An Empty File After Download. Fri 25 Aug 14:37:40 EDT 2017
* ThoughtconvergesCustomAdBlockFilters List Was An Empty File After Download. Fri 25 Aug 14:37:40 EDT 2017
* ThoughtconvergesCustomAdBlockFilters List Was An Empty File After Download. Fri 25 Aug 14:37:40 EDT 2017
*  List Was An Empty File After Download. Fri 25 Aug 14:37:41 EDT 2017
*  List Was An Empty File After Download. Fri 25 Aug 14:37:42 EDT 2017
*  List Was An Empty File After Download. Fri 25 Aug 14:37:42 EDT 2017
* SVNSlovenian List Was An Empty File After Download. Fri 25 Aug 14:37:45 EDT 2017
* SVNSlovenian List Was An Empty File After Download. Fri 25 Aug 14:37:45 EDT 2017
* SVNSlovenian List Was An Empty File After Download. Fri 25 Aug 14:37:46 EDT 2017
* SVNSlovenian List Was An Empty File After Download. Fri 25 Aug 14:37:46 EDT 2017
*  List Was An Empty File After Download. Fri 25 Aug 14:37:46 EDT 2017
*  List Was An Empty File After Download. Fri 25 Aug 14:37:47 EDT 2017
* ThoughtconvergesCustomAdBlockFilters List Was An Empty File After Download. Fri 25 Aug 14:37:51 EDT 2017
* ThoughtconvergesCustomAdBlockFilters List Was An Empty File After Download. Fri 25 Aug 14:37:51 EDT 2017
* ThoughtconvergesCustomAdBlockFilters List Was An Empty File After Download. Fri 25 Aug 14:37:51 EDT 2017
* UniversiteToulouseAds List Was An Empty File After Download. Fri 25 Aug 14:37:54 EDT 2017
*  List Was An Empty File After Download. Fri 25 Aug 14:37:55 EDT 2017
* TakoYachtygiftcardkiller List Was An Empty File After Download. Fri 25 Aug 14:37:56 EDT 2017
* TakoYachtygiftcardkiller List Was An Empty File After Download. Fri 25 Aug 14:37:56 EDT 2017
* TakoYachtygiftcardkiller List Was An Empty File After Download. Fri 25 Aug 14:37:56 EDT 2017
* TakoYachtygiftcardkiller List Was An Empty File After Download. Fri 25 Aug 14:37:56 EDT 2017
* TakoYachtygiftcardkiller List Was An Empty File After Download. Fri 25 Aug 14:37:56 EDT 2017
* TakoYachtygiftcardkiller List Was An Empty File After Download. Fri 25 Aug 14:38:01 EDT 2017
* TofuFilter List Was An Empty File After Download. Fri 25 Aug 14:38:03 EDT 2017
* UncheckyAds List Was An Empty File After Download. Fri 25 Aug 14:38:03 EDT 2017
* UncheckyAds List Was An Empty File After Download. Fri 25 Aug 14:38:03 EDT 2017
*  List Was An Empty File After Download. Fri 25 Aug 14:38:09 EDT 2017
* TheHostsFileProjectAdblockFilters List Was An Empty File After Download. Fri 25 Aug 14:38:10 EDT 2017
* TheHostsFileProjectAdblockFilters List Was An Empty File After Download. Fri 25 Aug 14:38:10 EDT 2017
* TheHostsFileProjectAdblockFilters List Was An Empty File After Download. Fri 25 Aug 14:38:11 EDT 2017
* TheHostsFileProjectAdblockFilters List Was An Empty File After Download. Fri 25 Aug 14:38:11 EDT 2017
* TheHostsFileProjectAdblockFilters List Was An Empty File After Download. Fri 25 Aug 14:38:12 EDT 2017
* TheHostsFileProjectAdblockFilters List Was An Empty File After Download. Fri 25 Aug 14:38:12 EDT 2017
* TheHostsFileProjectAdblockFilters List Was An Empty File After Download. Fri 25 Aug 14:38:12 EDT 2017
* TheHostsFileProjectAdblockFilters List Was An Empty File After Download. Fri 25 Aug 14:38:13 EDT 2017
*  List Was An Empty File After Download. Fri 25 Aug 14:38:17 EDT 2017
* TakoYachtygiftcardkiller List Was An Empty File After Download. Fri 25 Aug 14:38:17 EDT 2017
*  List Was An Empty File After Download. Fri 25 Aug 14:38:17 EDT 2017
*  List Was An Empty File After Download. Fri 25 Aug 14:38:17 EDT 2017
* UniversiteToulouseMalware List Was An Empty File After Download. Fri 25 Aug 14:38:23 EDT 2017
* TakoYachtygiftcardkiller List Was An Empty File After Download. Fri 25 Aug 14:38:26 EDT 2017
* TakoYachtygiftcardkiller List Was An Empty File After Download. Fri 25 Aug 14:38:26 EDT 2017
* TakoYachtygiftcardkiller List Was An Empty File After Download. Fri 25 Aug 14:38:26 EDT 2017
* TakoYachtygiftcardkiller List Was An Empty File After Download. Fri 25 Aug 14:38:26 EDT 2017
* TakoYachtygiftcardkiller List Was An Empty File After Download. Fri 25 Aug 14:38:27 EDT 2017
* TakoYachtygiftcardkiller List Was An Empty File After Download. Fri 25 Aug 14:38:27 EDT 2017
* TakoYachtygiftcardkiller List Was An Empty File After Download. Fri 25 Aug 14:38:27 EDT 2017
* TakoYachtygiftcardkiller List Was An Empty File After Download. Fri 25 Aug 14:38:27 EDT 2017
* TakoYachtygiftcardkiller List Was An Empty File After Download. Fri 25 Aug 14:38:28 EDT 2017
* TakoYachtygiftcardkiller List Was An Empty File After Download. Fri 25 Aug 14:38:28 EDT 2017
* TheHostsFileProjectAdblockFilters List Was An Empty File After Download. Fri 25 Aug 14:38:31 EDT 2017
* TheHostsFileProjectAdblockFilters List Was An Empty File After Download. Fri 25 Aug 14:38:31 EDT 2017
*  List Was An Empty File After Download. Fri 25 Aug 14:38:33 EDT 2017
*  List Was An Empty File After Download. Fri 25 Aug 14:38:33 EDT 2017
* StevenBlacksKAD List Was An Empty File After Download. Fri 25 Aug 14:38:37 EDT 2017
* TheHostsFileProjectAdblockFilters List Was An Empty File After Download. Fri 25 Aug 14:38:42 EDT 2017
* TheHostsFileProjectAdblockFilters List Was An Empty File After Download. Fri 25 Aug 14:38:42 EDT 2017
* TheHostsFileProjectAdblockFilters List Was An Empty File After Download. Fri 25 Aug 14:38:42 EDT 2017
* TheHostsFileProjectAdblockFilters List Was An Empty File After Download. Fri 25 Aug 14:38:42 EDT 2017
* TheHostsFileProjectAdblockFilters List Was An Empty File After Download. Fri 25 Aug 14:38:42 EDT 2017
* TheHostsFileProjectAdblockFilters List Was An Empty File After Download. Fri 25 Aug 14:38:42 EDT 2017
* TheHostsFileProjectAdblockFilters List Was An Empty File After Download. Fri 25 Aug 14:38:43 EDT 2017
* TheHostsFileProjectAdblockFilters List Was An Empty File After Download. Fri 25 Aug 14:38:43 EDT 2017
* TheHostsFileProjectAdblockFilters List Was An Empty File After Download. Fri 25 Aug 14:38:43 EDT 2017
* TheHostsFileProjectAdblockFilters List Was An Empty File After Download. Fri 25 Aug 14:38:43 EDT 2017
* TheHostsFileProjectAdblockFilters List Was An Empty File After Download. Fri 25 Aug 14:38:43 EDT 2017
*  List Was An Empty File After Download. Fri 25 Aug 14:38:44 EDT 2017
* Turkadlist List Was An Empty File After Download. Fri 25 Aug 14:38:47 EDT 2017
* Turkadlist List Was An Empty File After Download. Fri 25 Aug 14:38:47 EDT 2017
* Turkadlist List Was An Empty File After Download. Fri 25 Aug 14:38:48 EDT 2017
* StevenBlacksMicrosoftTelemetry List Was An Empty File After Download. Fri 25 Aug 14:38:52 EDT 2017
* TofuFilter List Was An Empty File After Download. Fri 25 Aug 14:38:57 EDT 2017
* TofuFilter List Was An Empty File After Download. Fri 25 Aug 14:38:57 EDT 2017
* TofuFilter List Was An Empty File After Download. Fri 25 Aug 14:38:57 EDT 2017
* TofuFilter List Was An Empty File After Download. Fri 25 Aug 14:38:57 EDT 2017
* TofuFilter List Was An Empty File After Download. Fri 25 Aug 14:38:58 EDT 2017
* TofuFilter List Was An Empty File After Download. Fri 25 Aug 14:38:58 EDT 2017
* TofuFilter List Was An Empty File After Download. Fri 25 Aug 14:38:58 EDT 2017
* TofuFilter List Was An Empty File After Download. Fri 25 Aug 14:38:58 EDT 2017
*  List Was An Empty File After Download. Fri 25 Aug 14:38:59 EDT 2017
* ThoughtconvergesCustomAdBlockFilters List Was An Empty File After Download. Fri 25 Aug 14:38:59 EDT 2017
* tyzbit List Was An Empty File After Download. Fri 25 Aug 14:39:01 EDT 2017
* tyzbit List Was An Empty File After Download. Fri 25 Aug 14:39:01 EDT 2017
* uAssetsExperimental List Was An Empty File After Download. Fri 25 Aug 14:39:01 EDT 2017
* SatterlysAdblockPlusFilters List Was An Empty File After Download. Fri 25 Aug 14:39:05 EDT 2017
*  List Was An Empty File After Download. Fri 25 Aug 14:39:12 EDT 2017
*  List Was An Empty File After Download. Fri 25 Aug 14:39:12 EDT 2017
*  List Was An Empty File After Download. Fri 25 Aug 14:39:12 EDT 2017
* TofuFilter List Was An Empty File After Download. Fri 25 Aug 14:39:12 EDT 2017
* TofuFilter List Was An Empty File After Download. Fri 25 Aug 14:39:12 EDT 2017
* TofuFilter List Was An Empty File After Download. Fri 25 Aug 14:39:12 EDT 2017
* uAssetsBadware List Was An Empty File After Download. Fri 25 Aug 14:39:15 EDT 2017
* uAssetsBadware List Was An Empty File After Download. Fri 25 Aug 14:39:15 EDT 2017
* uAssetsBadware List Was An Empty File After Download. Fri 25 Aug 14:39:16 EDT 2017
* SchacksAdblockPlusList List Was An Empty File After Download. Fri 25 Aug 14:39:19 EDT 2017
* SchacksAdblockPlusList List Was An Empty File After Download. Fri 25 Aug 14:39:19 EDT 2017
* StevenBlacksSpammers List Was An Empty File After Download. Fri 25 Aug 14:39:21 EDT 2017
* StevenBlacksSpammers List Was An Empty File After Download. Fri 25 Aug 14:39:21 EDT 2017
*  List Was An Empty File After Download. Fri 25 Aug 14:39:22 EDT 2017
*  List Was An Empty File After Download. Fri 25 Aug 14:39:22 EDT 2017
*  List Was An Empty File After Download. Fri 25 Aug 14:39:22 EDT 2017
*  List Was An Empty File After Download. Fri 25 Aug 14:39:25 EDT 2017
*  List Was An Empty File After Download. Fri 25 Aug 14:39:25 EDT 2017
*  List Was An Empty File After Download. Fri 25 Aug 14:39:26 EDT 2017
*  List Was An Empty File After Download. Fri 25 Aug 14:39:26 EDT 2017
* uAssetsFilters List Was An Empty File After Download. Fri 25 Aug 14:39:26 EDT 2017
* uAssetsFilters List Was An Empty File After Download. Fri 25 Aug 14:39:26 EDT 2017
* uAssetsExperimental List Was An Empty File After Download. Fri 25 Aug 14:39:29 EDT 2017
* uAssetsExperimental List Was An Empty File After Download. Fri 25 Aug 14:39:29 EDT 2017
* uAssetsUnbreak List Was An Empty File After Download. Fri 25 Aug 14:39:30 EDT 2017
* StevenBlacksSpotifyAds List Was An Empty File After Download. Fri 25 Aug 14:39:33 EDT 2017
* Turkadlist List Was An Empty File After Download. Fri 25 Aug 14:39:36 EDT 2017
*  List Was An Empty File After Download. Fri 25 Aug 14:39:39 EDT 2017
*  List Was An Empty File After Download. Fri 25 Aug 14:39:39 EDT 2017
* tyzbit List Was An Empty File After Download. Fri 25 Aug 14:39:40 EDT 2017
*  List Was An Empty File After Download. Fri 25 Aug 14:39:40 EDT 2017
* tyzbit List Was An Empty File After Download. Fri 25 Aug 14:39:40 EDT 2017
*  List Was An Empty File After Download. Fri 25 Aug 14:39:41 EDT 2017
* StevenBlacksTrackers List Was An Empty File After Download. Fri 25 Aug 14:39:44 EDT 2017
* StevenBlacksTrackers List Was An Empty File After Download. Fri 25 Aug 14:39:44 EDT 2017
*  List Was An Empty File After Download. Fri 25 Aug 14:39:47 EDT 2017
*  List Was An Empty File After Download. Fri 25 Aug 14:39:48 EDT 2017
*  List Was An Empty File After Download. Fri 25 Aug 14:39:48 EDT 2017
* tyzbit List Was An Empty File After Download. Fri 25 Aug 14:39:48 EDT 2017
* tyzbit List Was An Empty File After Download. Fri 25 Aug 14:39:48 EDT 2017
* tyzbit List Was An Empty File After Download. Fri 25 Aug 14:39:48 EDT 2017
* tyzbit List Was An Empty File After Download. Fri 25 Aug 14:39:48 EDT 2017
*  List Was An Empty File After Download. Fri 25 Aug 14:39:50 EDT 2017
* uAssetsExperimental List Was An Empty File After Download. Fri 25 Aug 14:39:51 EDT 2017
* uAssetsExperimental List Was An Empty File After Download. Fri 25 Aug 14:39:51 EDT 2017
*  List Was An Empty File After Download. Fri 25 Aug 14:39:54 EDT 2017
*  List Was An Empty File After Download. Fri 25 Aug 14:39:54 EDT 2017
* uAssetsExperimental List Was An Empty File After Download. Fri 25 Aug 14:39:54 EDT 2017
*  List Was An Empty File After Download. Fri 25 Aug 14:39:55 EDT 2017
* WindowsSpyBlocker10 List Was An Empty File After Download. Fri 25 Aug 14:39:58 EDT 2017
*  List Was An Empty File After Download. Fri 25 Aug 14:39:58 EDT 2017
* uAssetsBadware List Was An Empty File After Download. Fri 25 Aug 14:40:00 EDT 2017
*  List Was An Empty File After Download. Fri 25 Aug 14:40:02 EDT 2017
* ShallaMalicious List Was An Empty File After Download. Fri 25 Aug 14:40:02 EDT 2017
* ShallaMalicious List Was An Empty File After Download. Fri 25 Aug 14:40:02 EDT 2017
* ShallaMalicious List Was An Empty File After Download. Fri 25 Aug 14:40:02 EDT 2017
* ShallaMalicious List Was An Empty File After Download. Fri 25 Aug 14:40:02 EDT 2017
* ShallaMalicious List Was An Empty File After Download. Fri 25 Aug 14:40:03 EDT 2017
*  List Was An Empty File After Download. Fri 25 Aug 14:40:04 EDT 2017
*  List Was An Empty File After Download. Fri 25 Aug 14:40:04 EDT 2017
*  List Was An Empty File After Download. Fri 25 Aug 14:40:05 EDT 2017
*  List Was An Empty File After Download. Fri 25 Aug 14:40:05 EDT 2017
* uAssetsFilters List Was An Empty File After Download. Fri 25 Aug 14:40:06 EDT 2017
* uAssetsBadware List Was An Empty File After Download. Fri 25 Aug 14:40:06 EDT 2017
*  List Was An Empty File After Download. Fri 25 Aug 14:40:08 EDT 2017
*  List Was An Empty File After Download. Fri 25 Aug 14:40:12 EDT 2017
*  List Was An Empty File After Download. Fri 25 Aug 14:40:13 EDT 2017
* uAssetsExperimental List Was An Empty File After Download. Fri 25 Aug 14:40:13 EDT 2017
*  List Was An Empty File After Download. Fri 25 Aug 14:40:15 EDT 2017
*  List Was An Empty File After Download. Fri 25 Aug 14:40:15 EDT 2017
*  List Was An Empty File After Download. Fri 25 Aug 14:40:16 EDT 2017
* Spam404DomainBlacklist List Was An Empty File After Download. Fri 25 Aug 14:40:18 EDT 2017
*  List Was An Empty File After Download. Fri 25 Aug 14:40:19 EDT 2017
*  List Was An Empty File After Download. Fri 25 Aug 14:40:19 EDT 2017
* uAssetsExperimental List Was An Empty File After Download. Fri 25 Aug 14:40:20 EDT 2017
* uAssetsPrivacy List Was An Empty File After Download. Fri 25 Aug 14:40:20 EDT 2017
* uAssetsPrivacy List Was An Empty File After Download. Fri 25 Aug 14:40:20 EDT 2017
*  List Was An Empty File After Download. Fri 25 Aug 14:40:23 EDT 2017
* uBOPersonalFilters List Was An Empty File After Download. Fri 25 Aug 14:40:26 EDT 2017
* StevenBlacksUnifiedHostsFakenewsGamblingPorn List Was An Empty File After Download. Fri 25 Aug 14:40:26 EDT 2017
* uAssetsFilters List Was An Empty File After Download. Fri 25 Aug 14:40:29 EDT 2017
* uAssetsFilters List Was An Empty File After Download. Fri 25 Aug 14:40:29 EDT 2017
* Spam404 List Was An Empty File After Download. Fri 25 Aug 14:40:31 EDT 2017
* Spam404 List Was An Empty File After Download. Fri 25 Aug 14:40:31 EDT 2017
* Spam404 List Was An Empty File After Download. Fri 25 Aug 14:40:31 EDT 2017
* uAssetsFilters List Was An Empty File After Download. Fri 25 Aug 14:40:33 EDT 2017
* uAssetsFilters List Was An Empty File After Download. Fri 25 Aug 14:40:33 EDT 2017
* uAssetsFilters List Was An Empty File After Download. Fri 25 Aug 14:40:34 EDT 2017
* uAssetsFilters List Was An Empty File After Download. Fri 25 Aug 14:40:34 EDT 2017
* uAssetsFilters List Was An Empty File After Download. Fri 25 Aug 14:40:34 EDT 2017
*  List Was An Empty File After Download. Fri 25 Aug 14:40:34 EDT 2017
* uAssetsUnbreak List Was An Empty File After Download. Fri 25 Aug 14:40:36 EDT 2017
* uAssetsUnbreak List Was An Empty File After Download. Fri 25 Aug 14:40:37 EDT 2017
* uAssetsUnbreak List Was An Empty File After Download. Fri 25 Aug 14:40:37 EDT 2017
* uAssetsUnbreak List Was An Empty File After Download. Fri 25 Aug 14:40:37 EDT 2017
*  List Was An Empty File After Download. Fri 25 Aug 14:40:39 EDT 2017
* uAssetsPrivacy List Was An Empty File After Download. Fri 25 Aug 14:40:41 EDT 2017
* XFilesHWSHarmfulWebSites List Was An Empty File After Download. Fri 25 Aug 14:40:44 EDT 2017
*  List Was An Empty File After Download. Fri 25 Aug 14:40:46 EDT 2017
*  List Was An Empty File After Download. Fri 25 Aug 14:40:46 EDT 2017
*  List Was An Empty File After Download. Fri 25 Aug 14:40:47 EDT 2017
*  List Was An Empty File After Download. Fri 25 Aug 14:40:47 EDT 2017
*  List Was An Empty File After Download. Fri 25 Aug 14:40:47 EDT 2017
* uBOPersonalFilters List Was An Empty File After Download. Fri 25 Aug 14:40:48 EDT 2017
* WindowsSpyBlocker81 List Was An Empty File After Download. Fri 25 Aug 14:40:51 EDT 2017
* uBlockPolishFiltersSupplement List Was An Empty File After Download. Fri 25 Aug 14:40:51 EDT 2017
* uBlockPolishFiltersSupplement List Was An Empty File After Download. Fri 25 Aug 14:40:51 EDT 2017
*  List Was An Empty File After Download. Fri 25 Aug 14:40:54 EDT 2017
* uAssetsUnbreak List Was An Empty File After Download. Fri 25 Aug 14:40:55 EDT 2017
*  List Was An Empty File After Download. Fri 25 Aug 14:40:57 EDT 2017
*  List Was An Empty File After Download. Fri 25 Aug 14:40:57 EDT 2017
*  List Was An Empty File After Download. Fri 25 Aug 14:40:58 EDT 2017
*  List Was An Empty File After Download. Fri 25 Aug 14:40:58 EDT 2017
* XFilesNoFacebookAds List Was An Empty File After Download. Fri 25 Aug 14:40:58 EDT 2017
*  List Was An Empty File After Download. Fri 25 Aug 14:41:02 EDT 2017
* uAssetsUnbreak List Was An Empty File After Download. Fri 25 Aug 14:41:02 EDT 2017
* uAssetsUnbreak List Was An Empty File After Download. Fri 25 Aug 14:41:02 EDT 2017
* uAssetsUnbreak List Was An Empty File After Download. Fri 25 Aug 14:41:02 EDT 2017
* uAssetsUnbreak List Was An Empty File After Download. Fri 25 Aug 14:41:02 EDT 2017
* UncheckyAds List Was An Empty File After Download. Fri 25 Aug 14:41:02 EDT 2017
* UniversiteToulousePhishing List Was An Empty File After Download. Fri 25 Aug 14:41:05 EDT 2017
* UniversiteToulousePhishing List Was An Empty File After Download. Fri 25 Aug 14:41:05 EDT 2017
* UniversiteToulouseAds List Was An Empty File After Download. Fri 25 Aug 14:41:10 EDT 2017
*  List Was An Empty File After Download. Fri 25 Aug 14:41:11 EDT 2017
*  List Was An Empty File After Download. Fri 25 Aug 14:41:11 EDT 2017
*  List Was An Empty File After Download. Fri 25 Aug 14:41:11 EDT 2017
*  List Was An Empty File After Download. Fri 25 Aug 14:41:12 EDT 2017
* uBlockPolishFiltersSupplement List Was An Empty File After Download. Fri 25 Aug 14:41:13 EDT 2017
* uBlockAntiskimming List Was An Empty File After Download. Fri 25 Aug 14:41:15 EDT 2017
* uBlockAntiskimming List Was An Empty File After Download. Fri 25 Aug 14:41:16 EDT 2017
* uBlockAntiskimming List Was An Empty File After Download. Fri 25 Aug 14:41:16 EDT 2017
* uBlockAntiskimming List Was An Empty File After Download. Fri 25 Aug 14:41:16 EDT 2017
* uBlockAntiskimming List Was An Empty File After Download. Fri 25 Aug 14:41:16 EDT 2017
*  List Was An Empty File After Download. Fri 25 Aug 14:41:18 EDT 2017
* StevenBlacksUnifiedHostsGamblingPorn List Was An Empty File After Download. Fri 25 Aug 14:41:18 EDT 2017
*  List Was An Empty File After Download. Fri 25 Aug 14:41:19 EDT 2017
*  List Was An Empty File After Download. Fri 25 Aug 14:41:19 EDT 2017
* uBlockFiltersPlus List Was An Empty File After Download. Fri 25 Aug 14:41:22 EDT 2017
*  List Was An Empty File After Download. Fri 25 Aug 14:41:25 EDT 2017
*  List Was An Empty File After Download. Fri 25 Aug 14:41:25 EDT 2017
*  List Was An Empty File After Download. Fri 25 Aug 14:41:25 EDT 2017
* StevenBlacksHosts List Was An Empty File After Download. Fri 25 Aug 14:41:26 EDT 2017
* uBOPersonalFilters List Was An Empty File After Download. Fri 25 Aug 14:41:26 EDT 2017
* uBOPersonalFilters List Was An Empty File After Download. Fri 25 Aug 14:41:27 EDT 2017
*  List Was An Empty File After Download. Fri 25 Aug 14:41:29 EDT 2017
*  List Was An Empty File After Download. Fri 25 Aug 14:41:29 EDT 2017
* uBlockFiltersPlus List Was An Empty File After Download. Fri 25 Aug 14:41:30 EDT 2017
* uBlockFiltersPlus List Was An Empty File After Download. Fri 25 Aug 14:41:30 EDT 2017
*  List Was An Empty File After Download. Fri 25 Aug 14:41:31 EDT 2017
* StevenBlacksUnifiedHosts List Was An Empty File After Download. Fri 25 Aug 14:41:32 EDT 2017
* StevenBlacksUnifiedHosts List Was An Empty File After Download. Fri 25 Aug 14:41:32 EDT 2017
* StevenBlacksUnifiedHosts List Was An Empty File After Download. Fri 25 Aug 14:41:32 EDT 2017
* UniversiteToulousePhishing List Was An Empty File After Download. Fri 25 Aug 14:41:36 EDT 2017
*  List Was An Empty File After Download. Fri 25 Aug 14:41:37 EDT 2017
*  List Was An Empty File After Download. Fri 25 Aug 14:41:38 EDT 2017
*  List Was An Empty File After Download. Fri 25 Aug 14:41:38 EDT 2017
* UncheckyAds List Was An Empty File After Download. Fri 25 Aug 14:41:39 EDT 2017
* YouTubePureVideoExperience List Was An Empty File After Download. Fri 25 Aug 14:41:40 EDT 2017
* YouTubePureVideoExperience List Was An Empty File After Download. Fri 25 Aug 14:41:40 EDT 2017
* uBlockPolishFiltersSupplement List Was An Empty File After Download. Fri 25 Aug 14:41:44 EDT 2017
*  List Was An Empty File After Download. Fri 25 Aug 14:41:44 EDT 2017
*  List Was An Empty File After Download. Fri 25 Aug 14:41:44 EDT 2017
*  List Was An Empty File After Download. Fri 25 Aug 14:41:44 EDT 2017
*  List Was An Empty File After Download. Fri 25 Aug 14:41:45 EDT 2017
*  List Was An Empty File After Download. Fri 25 Aug 14:41:45 EDT 2017
*  List Was An Empty File After Download. Fri 25 Aug 14:41:45 EDT 2017
* UncheckyAds List Was An Empty File After Download. Fri 25 Aug 14:41:47 EDT 2017
* UncheckyAds List Was An Empty File After Download. Fri 25 Aug 14:41:48 EDT 2017
* UncheckyAds List Was An Empty File After Download. Fri 25 Aug 14:41:48 EDT 2017
*  List Was An Empty File After Download. Fri 25 Aug 14:41:52 EDT 2017
*  List Was An Empty File After Download. Fri 25 Aug 14:41:52 EDT 2017
* UniversiteToulousePhishing List Was An Empty File After Download. Fri 25 Aug 14:41:53 EDT 2017
*  List Was An Empty File After Download. Fri 25 Aug 14:41:54 EDT 2017
*  List Was An Empty File After Download. Fri 25 Aug 14:41:54 EDT 2017
* YouTubePureVideoExperience List Was An Empty File After Download. Fri 25 Aug 14:41:58 EDT 2017
*  List Was An Empty File After Download. Fri 25 Aug 14:41:59 EDT 2017
* uBOPersonalFilters List Was An Empty File After Download. Fri 25 Aug 14:41:59 EDT 2017
* uBOPersonalFilters List Was An Empty File After Download. Fri 25 Aug 14:41:59 EDT 2017
*  List Was An Empty File After Download. Fri 25 Aug 14:41:59 EDT 2017
*  List Was An Empty File After Download. Fri 25 Aug 14:42:00 EDT 2017
* UncheckyAds List Was An Empty File After Download. Fri 25 Aug 14:42:00 EDT 2017
* UncheckyAds List Was An Empty File After Download. Fri 25 Aug 14:42:01 EDT 2017
* UncheckyAds List Was An Empty File After Download. Fri 25 Aug 14:42:01 EDT 2017
* UncheckyAds List Was An Empty File After Download. Fri 25 Aug 14:42:01 EDT 2017
* Vokins List Was An Empty File After Download. Fri 25 Aug 14:42:06 EDT 2017
* UncheckyAds List Was An Empty File After Download. Fri 25 Aug 14:42:08 EDT 2017
* VoidGRFilters List Was An Empty File After Download. Fri 25 Aug 14:42:08 EDT 2017
* UncheckyAds List Was An Empty File After Download. Fri 25 Aug 14:42:13 EDT 2017
* UncheckyAds List Was An Empty File After Download. Fri 25 Aug 14:42:13 EDT 2017
*  List Was An Empty File After Download. Fri 25 Aug 14:42:14 EDT 2017
* WiltteriReborn List Was An Empty File After Download. Fri 25 Aug 14:42:15 EDT 2017
* WiltteriReborn List Was An Empty File After Download. Fri 25 Aug 14:42:15 EDT 2017
* WiltteriReborn List Was An Empty File After Download. Fri 25 Aug 14:42:15 EDT 2017
* WiltteriReborn List Was An Empty File After Download. Fri 25 Aug 14:42:16 EDT 2017
* WiltteriReborn List Was An Empty File After Download. Fri 25 Aug 14:42:16 EDT 2017
*  List Was An Empty File After Download. Fri 25 Aug 14:42:19 EDT 2017
*  List Was An Empty File After Download. Fri 25 Aug 14:42:20 EDT 2017
* StevenBlacksSpammers List Was An Empty File After Download. Fri 25 Aug 14:42:20 EDT 2017
*  List Was An Empty File After Download. Fri 25 Aug 14:42:21 EDT 2017
*  List Was An Empty File After Download. Fri 25 Aug 14:42:21 EDT 2017
* UniversiteToulouseAds List Was An Empty File After Download. Fri 25 Aug 14:42:22 EDT 2017
*  List Was An Empty File After Download. Fri 25 Aug 14:42:26 EDT 2017
*  List Was An Empty File After Download. Fri 25 Aug 14:42:26 EDT 2017
*  List Was An Empty File After Download. Fri 25 Aug 14:42:27 EDT 2017
* TheHostsFileProjectAdblockFilters List Was An Empty File After Download. Fri 25 Aug 14:42:27 EDT 2017
* WindowsSpyBlocker10 List Was An Empty File After Download. Fri 25 Aug 14:42:28 EDT 2017
*  List Was An Empty File After Download. Fri 25 Aug 14:42:29 EDT 2017
* UniversiteToulouseAdult List Was An Empty File After Download. Fri 25 Aug 14:42:29 EDT 2017
* UniversiteToulouseAdult List Was An Empty File After Download. Fri 25 Aug 14:42:30 EDT 2017
* UniversiteToulouseAdult List Was An Empty File After Download. Fri 25 Aug 14:42:30 EDT 2017
* UniversiteToulouseAdult List Was An Empty File After Download. Fri 25 Aug 14:42:32 EDT 2017
*  List Was An Empty File After Download. Fri 25 Aug 14:42:33 EDT 2017
*  List Was An Empty File After Download. Fri 25 Aug 14:42:33 EDT 2017
* StevenBlacksSpotifyAds List Was An Empty File After Download. Fri 25 Aug 14:42:34 EDT 2017
* Wally3k List Was An Empty File After Download. Fri 25 Aug 14:42:38 EDT 2017
* UniversiteToulousePhishing List Was An Empty File After Download. Fri 25 Aug 14:42:40 EDT 2017
* UniversiteToulousePhishing List Was An Empty File After Download. Fri 25 Aug 14:42:40 EDT 2017
*  List Was An Empty File After Download. Fri 25 Aug 14:42:40 EDT 2017
*  List Was An Empty File After Download. Fri 25 Aug 14:42:40 EDT 2017
* UniversiteToulouseMalware List Was An Empty File After Download. Fri 25 Aug 14:42:41 EDT 2017
* UniversiteToulouseMalware List Was An Empty File After Download. Fri 25 Aug 14:42:41 EDT 2017
* UniversiteToulouseMalware List Was An Empty File After Download. Fri 25 Aug 14:42:41 EDT 2017
* UniversiteToulouseMalware List Was An Empty File After Download. Fri 25 Aug 14:42:42 EDT 2017
* UniversiteToulouseMalware List Was An Empty File After Download. Fri 25 Aug 14:42:43 EDT 2017
* UniversiteToulouseMalware List Was An Empty File After Download. Fri 25 Aug 14:42:44 EDT 2017
*  List Was An Empty File After Download. Fri 25 Aug 14:42:45 EDT 2017
*  List Was An Empty File After Download. Fri 25 Aug 14:42:46 EDT 2017
* TheHostsFileProjectHosts List Was An Empty File After Download. Fri 25 Aug 14:42:48 EDT 2017
*  List Was An Empty File After Download. Fri 25 Aug 14:42:52 EDT 2017
*  List Was An Empty File After Download. Fri 25 Aug 14:42:54 EDT 2017
*  List Was An Empty File After Download. Fri 25 Aug 14:42:54 EDT 2017
*  List Was An Empty File After Download. Fri 25 Aug 14:42:54 EDT 2017
* UniversiteToulousePhishing List Was An Empty File After Download. Fri 25 Aug 14:42:55 EDT 2017
* UniversiteToulousePhishing List Was An Empty File After Download. Fri 25 Aug 14:42:55 EDT 2017
* UniversiteToulousePhishing List Was An Empty File After Download. Fri 25 Aug 14:42:55 EDT 2017
* UniversiteToulousePhishing List Was An Empty File After Download. Fri 25 Aug 14:42:55 EDT 2017
* UniversiteToulousePhishing List Was An Empty File After Download. Fri 25 Aug 14:42:56 EDT 2017
* UniversiteToulousePhishing List Was An Empty File After Download. Fri 25 Aug 14:42:56 EDT 2017
* UniversiteToulousePhishing List Was An Empty File After Download. Fri 25 Aug 14:42:57 EDT 2017
* UniversiteToulousePhishing List Was An Empty File After Download. Fri 25 Aug 14:42:57 EDT 2017
* WindowsSpyBlocker81 List Was An Empty File After Download. Fri 25 Aug 14:43:01 EDT 2017
*  List Was An Empty File After Download. Fri 25 Aug 14:43:02 EDT 2017
* UniversiteToulousePhishing List Was An Empty File After Download. Fri 25 Aug 14:43:06 EDT 2017
*  List Was An Empty File After Download. Fri 25 Aug 14:43:07 EDT 2017
*  List Was An Empty File After Download. Fri 25 Aug 14:43:08 EDT 2017
*  List Was An Empty File After Download. Fri 25 Aug 14:43:09 EDT 2017
*  List Was An Empty File After Download. Fri 25 Aug 14:43:09 EDT 2017
*  List Was An Empty File After Download. Fri 25 Aug 14:43:09 EDT 2017
*  List Was An Empty File After Download. Fri 25 Aug 14:43:09 EDT 2017
*  List Was An Empty File After Download. Fri 25 Aug 14:43:09 EDT 2017
* VoidGRFilters List Was An Empty File After Download. Fri 25 Aug 14:43:09 EDT 2017
* VoidGRFilters List Was An Empty File After Download. Fri 25 Aug 14:43:11 EDT 2017
* VoidGRFilters List Was An Empty File After Download. Fri 25 Aug 14:43:11 EDT 2017
* VoidGRFilters List Was An Empty File After Download. Fri 25 Aug 14:43:11 EDT 2017
*  List Was An Empty File After Download. Fri 25 Aug 14:43:15 EDT 2017
* UniversiteToulousePhishing List Was An Empty File After Download. Fri 25 Aug 14:43:15 EDT 2017
* WindowsSpyBlocker7 List Was An Empty File After Download. Fri 25 Aug 14:43:19 EDT 2017
* Vokins List Was An Empty File After Download. Fri 25 Aug 14:43:22 EDT 2017
* Vokins List Was An Empty File After Download. Fri 25 Aug 14:43:22 EDT 2017
* Vokins List Was An Empty File After Download. Fri 25 Aug 14:43:22 EDT 2017
* Vokins List Was An Empty File After Download. Fri 25 Aug 14:43:23 EDT 2017
* Vokins List Was An Empty File After Download. Fri 25 Aug 14:43:23 EDT 2017
* Vokins List Was An Empty File After Download. Fri 25 Aug 14:43:23 EDT 2017
* Vokins List Was An Empty File After Download. Fri 25 Aug 14:43:23 EDT 2017
* Vokins List Was An Empty File After Download. Fri 25 Aug 14:43:23 EDT 2017
* Vokins List Was An Empty File After Download. Fri 25 Aug 14:43:23 EDT 2017
* Vokins List Was An Empty File After Download. Fri 25 Aug 14:43:23 EDT 2017
* Vokins List Was An Empty File After Download. Fri 25 Aug 14:43:28 EDT 2017
* Vokins List Was An Empty File After Download. Fri 25 Aug 14:43:28 EDT 2017
* Vokins List Was An Empty File After Download. Fri 25 Aug 14:43:33 EDT 2017
*  List Was An Empty File After Download. Fri 25 Aug 14:43:35 EDT 2017
* Wally3k List Was An Empty File After Download. Fri 25 Aug 14:43:36 EDT 2017
* Wally3k List Was An Empty File After Download. Fri 25 Aug 14:43:36 EDT 2017
* Wally3k List Was An Empty File After Download. Fri 25 Aug 14:43:36 EDT 2017
* Wally3k List Was An Empty File After Download. Fri 25 Aug 14:43:37 EDT 2017
* Wally3k List Was An Empty File After Download. Fri 25 Aug 14:43:38 EDT 2017
* Wally3k List Was An Empty File After Download. Fri 25 Aug 14:43:38 EDT 2017
* Wally3k List Was An Empty File After Download. Fri 25 Aug 14:43:38 EDT 2017
* Wally3k List Was An Empty File After Download. Fri 25 Aug 14:43:38 EDT 2017
* Wally3k List Was An Empty File After Download. Fri 25 Aug 14:43:38 EDT 2017
* Wally3k List Was An Empty File After Download. Fri 25 Aug 14:43:38 EDT 2017
* tyzbit List Was An Empty File After Download. Fri 25 Aug 14:43:43 EDT 2017
* tyzbit List Was An Empty File After Download. Fri 25 Aug 14:43:43 EDT 2017
* Wally3k List Was An Empty File After Download. Fri 25 Aug 14:43:48 EDT 2017
* Wiltteri List Was An Empty File After Download. Fri 25 Aug 14:43:49 EDT 2017
* WiltteriReborn List Was An Empty File After Download. Fri 25 Aug 14:43:50 EDT 2017
* WiltteriReborn List Was An Empty File After Download. Fri 25 Aug 14:43:50 EDT 2017
* WiltteriReborn List Was An Empty File After Download. Fri 25 Aug 14:43:50 EDT 2017
* WiltteriReborn List Was An Empty File After Download. Fri 25 Aug 14:43:52 EDT 2017
* WiltteriReborn List Was An Empty File After Download. Fri 25 Aug 14:43:52 EDT 2017
* WiltteriReborn List Was An Empty File After Download. Fri 25 Aug 14:43:52 EDT 2017
* WiltteriReborn List Was An Empty File After Download. Fri 25 Aug 14:43:52 EDT 2017
* WiltteriReborn List Was An Empty File After Download. Fri 25 Aug 14:43:52 EDT 2017
* WiltteriReborn List Was An Empty File After Download. Fri 25 Aug 14:43:53 EDT 2017
*  List Was An Empty File After Download. Fri 25 Aug 14:43:54 EDT 2017
*  List Was An Empty File After Download. Fri 25 Aug 14:43:58 EDT 2017
* Wiltteri List Was An Empty File After Download. Fri 25 Aug 14:44:02 EDT 2017
* Wiltteri List Was An Empty File After Download. Fri 25 Aug 14:44:03 EDT 2017
* Wiltteri List Was An Empty File After Download. Fri 25 Aug 14:44:03 EDT 2017
* Wiltteri List Was An Empty File After Download. Fri 25 Aug 14:44:03 EDT 2017
* Wiltteri List Was An Empty File After Download. Fri 25 Aug 14:44:03 EDT 2017
* WindowsSpyBlocker10 List Was An Empty File After Download. Fri 25 Aug 14:44:07 EDT 2017
* WindowsSpyBlocker10 List Was An Empty File After Download. Fri 25 Aug 14:44:07 EDT 2017
* WindowsSpyBlocker10 List Was An Empty File After Download. Fri 25 Aug 14:44:07 EDT 2017
* WindowsSpyBlocker10 List Was An Empty File After Download. Fri 25 Aug 14:44:07 EDT 2017
* WindowsSpyBlocker10 List Was An Empty File After Download. Fri 25 Aug 14:44:07 EDT 2017
* WindowsSpyBlocker10 List Was An Empty File After Download. Fri 25 Aug 14:44:08 EDT 2017
* Wiltteri List Was An Empty File After Download. Fri 25 Aug 14:44:11 EDT 2017
* XFilesNoFacebookAds List Was An Empty File After Download. Fri 25 Aug 14:44:12 EDT 2017
* XFilesHWSHarmfulWebSites List Was An Empty File After Download. Fri 25 Aug 14:44:17 EDT 2017
*  List Was An Empty File After Download. Fri 25 Aug 14:44:19 EDT 2017
*  List Was An Empty File After Download. Fri 25 Aug 14:44:19 EDT 2017
*  List Was An Empty File After Download. Fri 25 Aug 14:44:19 EDT 2017
* WindowsSpyBlocker10 List Was An Empty File After Download. Fri 25 Aug 14:44:23 EDT 2017
* YousList List Was An Empty File After Download. Fri 25 Aug 14:44:27 EDT 2017
* YousList List Was An Empty File After Download. Fri 25 Aug 14:44:28 EDT 2017
* YousList List Was An Empty File After Download. Fri 25 Aug 14:44:28 EDT 2017
*  List Was An Empty File After Download. Fri 25 Aug 14:44:33 EDT 2017
* WindowsSpyBlocker81 List Was An Empty File After Download. Fri 25 Aug 14:44:33 EDT 2017
* WindowsSpyBlocker7 List Was An Empty File After Download. Fri 25 Aug 14:44:36 EDT 2017
* WindowsSpyBlocker7 List Was An Empty File After Download. Fri 25 Aug 14:44:38 EDT 2017
* StevenBlacksUnifiedHosts List Was An Empty File After Download. Fri 25 Aug 14:44:41 EDT 2017
* StevenBlacksUnifiedHosts List Was An Empty File After Download. Fri 25 Aug 14:44:43 EDT 2017
* WindowsSpyBlocker81 List Was An Empty File After Download. Fri 25 Aug 14:44:46 EDT 2017
* WindowsSpyBlocker81 List Was An Empty File After Download. Fri 25 Aug 14:44:46 EDT 2017
* WindowsSpyBlocker81 List Was An Empty File After Download. Fri 25 Aug 14:44:46 EDT 2017
* WindowsSpyBlocker81 List Was An Empty File After Download. Fri 25 Aug 14:44:47 EDT 2017
* WindowsSpyBlocker81 List Was An Empty File After Download. Fri 25 Aug 14:44:47 EDT 2017
* WindowsSpyBlocker81 List Was An Empty File After Download. Fri 25 Aug 14:44:47 EDT 2017
* WindowsSpyBlocker81 List Was An Empty File After Download. Fri 25 Aug 14:44:47 EDT 2017
* WindowsSpyBlocker81 List Was An Empty File After Download. Fri 25 Aug 14:44:47 EDT 2017
*  List Was An Empty File After Download. Fri 25 Aug 14:44:48 EDT 2017
* YouTubeRemoveComments List Was An Empty File After Download. Fri 25 Aug 14:44:51 EDT 2017
* YouTubeRemoveComments List Was An Empty File After Download. Fri 25 Aug 14:44:51 EDT 2017
* XFilesNoFacebookAds List Was An Empty File After Download. Fri 25 Aug 14:44:57 EDT 2017
* XFilesNoFacebookAds List Was An Empty File After Download. Fri 25 Aug 14:44:57 EDT 2017
* XFilesNoFacebookAds List Was An Empty File After Download. Fri 25 Aug 14:44:57 EDT 2017
*  List Was An Empty File After Download. Fri 25 Aug 14:45:00 EDT 2017
* XFilesNoFacebookAds List Was An Empty File After Download. Fri 25 Aug 14:45:01 EDT 2017
* XFilesNoFacebookAds List Was An Empty File After Download. Fri 25 Aug 14:45:01 EDT 2017
* XFilesHWSHarmfulWebSites List Was An Empty File After Download. Fri 25 Aug 14:45:01 EDT 2017
* XFilesHWSHarmfulWebSites List Was An Empty File After Download. Fri 25 Aug 14:45:01 EDT 2017
* XFilesHWSHarmfulWebSites List Was An Empty File After Download. Fri 25 Aug 14:45:01 EDT 2017
* XFilesHWSHarmfulWebSites List Was An Empty File After Download. Fri 25 Aug 14:45:01 EDT 2017
* XFilesHWSHarmfulWebSites List Was An Empty File After Download. Fri 25 Aug 14:45:01 EDT 2017
* XFilesHWSHarmfulWebSites List Was An Empty File After Download. Fri 25 Aug 14:45:02 EDT 2017
* XFilesHWSHarmfulWebSites List Was An Empty File After Download. Fri 25 Aug 14:45:02 EDT 2017
* XFilesHWSHarmfulWebSites List Was An Empty File After Download. Fri 25 Aug 14:45:05 EDT 2017
* YouTubeRemoveComments List Was An Empty File After Download. Fri 25 Aug 14:45:08 EDT 2017
* XFilesNoFacebookAds List Was An Empty File After Download. Fri 25 Aug 14:45:08 EDT 2017
* XFilesNoFacebookAds List Was An Empty File After Download. Fri 25 Aug 14:45:08 EDT 2017
* yoyoorg List Was An Empty File After Download. Fri 25 Aug 14:45:15 EDT 2017
* yoyoorg List Was An Empty File After Download. Fri 25 Aug 14:45:15 EDT 2017
* yoyoorg List Was An Empty File After Download. Fri 25 Aug 14:45:15 EDT 2017
* XFilesNoFacebookAds List Was An Empty File After Download. Fri 25 Aug 14:45:15 EDT 2017
* XFilesNoFacebookAds List Was An Empty File After Download. Fri 25 Aug 14:45:15 EDT 2017
* XFilesNoFacebookAds List Was An Empty File After Download. Fri 25 Aug 14:45:19 EDT 2017
* YouTubeRemoveComments List Was An Empty File After Download. Fri 25 Aug 14:45:23 EDT 2017
* YouTubeRemoveComments List Was An Empty File After Download. Fri 25 Aug 14:45:23 EDT 2017
* YouTubeRemoveComments List Was An Empty File After Download. Fri 25 Aug 14:45:23 EDT 2017
* YouTubeRemoveComments List Was An Empty File After Download. Fri 25 Aug 14:45:28 EDT 2017
*  List Was An Empty File After Download. Fri 25 Aug 14:45:29 EDT 2017
* YouTubeRemoveComments List Was An Empty File After Download. Fri 25 Aug 14:45:29 EDT 2017
*  List Was An Empty File After Download. Fri 25 Aug 14:45:29 EDT 2017
*  List Was An Empty File After Download. Fri 25 Aug 14:45:29 EDT 2017
* YouTubeOtherAnnoyances List Was An Empty File After Download. Fri 25 Aug 14:45:30 EDT 2017
* YouTubeRemoveYoutubeSuggestions List Was An Empty File After Download. Fri 25 Aug 14:45:38 EDT 2017
* YouTubeRemoveYoutubeSuggestions List Was An Empty File After Download. Fri 25 Aug 14:45:38 EDT 2017
* YouTubeRemoveYoutubeSuggestions List Was An Empty File After Download. Fri 25 Aug 14:45:38 EDT 2017
* YouTubeRemoveYoutubeSuggestions List Was An Empty File After Download. Fri 25 Aug 14:45:44 EDT 2017
*  List Was An Empty File After Download. Fri 25 Aug 14:45:45 EDT 2017
*  List Was An Empty File After Download. Fri 25 Aug 14:45:45 EDT 2017
* YouTubePureVideoExperience List Was An Empty File After Download. Fri 25 Aug 14:45:45 EDT 2017
* yoyoorg List Was An Empty File After Download. Fri 25 Aug 14:45:52 EDT 2017
* YouTubeOtherAnnoyances List Was An Empty File After Download. Fri 25 Aug 14:45:53 EDT 2017
*  List Was An Empty File After Download. Fri 25 Aug 14:45:59 EDT 2017
* YouTubePureVideoExperience List Was An Empty File After Download. Fri 25 Aug 14:46:00 EDT 2017
* ThoughtconvergesCustomAdBlockFilters List Was An Empty File After Download. Fri 25 Aug 14:46:05 EDT 2017
* YouTubeRemoveYoutubeSuggestions List Was An Empty File After Download. Fri 25 Aug 14:46:05 EDT 2017
* YouTubePureVideoExperience List Was An Empty File After Download. Fri 25 Aug 14:46:08 EDT 2017
* YouTubeRemoveComments List Was An Empty File After Download. Fri 25 Aug 14:46:14 EDT 2017
* YouTubeRemoveComments List Was An Empty File After Download. Fri 25 Aug 14:46:14 EDT 2017
* YouTubeRemoveComments List Was An Empty File After Download. Fri 25 Aug 14:46:14 EDT 2017
* YouTubeRemoveComments List Was An Empty File After Download. Fri 25 Aug 14:46:14 EDT 2017
* YouTubePureVideoExperience List Was An Empty File After Download. Fri 25 Aug 14:46:20 EDT 2017
* YouTubePureVideoExperience List Was An Empty File After Download. Fri 25 Aug 14:46:20 EDT 2017
* yoyoorg List Was An Empty File After Download. Fri 25 Aug 14:46:24 EDT 2017
* YouTubeRemoveYoutubeSuggestions List Was An Empty File After Download. Fri 25 Aug 14:46:27 EDT 2017
* YouTubeRemoveYoutubeSuggestions List Was An Empty File After Download. Fri 25 Aug 14:46:27 EDT 2017
* YouTubeRemoveYoutubeSuggestions List Was An Empty File After Download. Fri 25 Aug 14:46:28 EDT 2017
* YouTubeRemoveYoutubeSuggestions List Was An Empty File After Download. Fri 25 Aug 14:46:29 EDT 2017
* YouTubeRemoveYoutubeSuggestions List Was An Empty File After Download. Fri 25 Aug 14:46:30 EDT 2017
*  List Was An Empty File After Download. Fri 25 Aug 14:46:30 EDT 2017
* Turkadlist List Was An Empty File After Download. Fri 25 Aug 14:46:34 EDT 2017
* yoyoorg List Was An Empty File After Download. Fri 25 Aug 14:46:40 EDT 2017
* yoyoorg List Was An Empty File After Download. Fri 25 Aug 14:46:40 EDT 2017
* yoyoorg List Was An Empty File After Download. Fri 25 Aug 14:46:43 EDT 2017
* YouTubeRemoveYoutubeSuggestions List Was An Empty File After Download. Fri 25 Aug 14:46:44 EDT 2017
*  List Was An Empty File After Download. Fri 25 Aug 14:46:46 EDT 2017
*  List Was An Empty File After Download. Fri 25 Aug 14:46:52 EDT 2017
*  List Was An Empty File After Download. Fri 25 Aug 14:46:54 EDT 2017
*  List Was An Empty File After Download. Fri 25 Aug 14:46:54 EDT 2017
*  List Was An Empty File After Download. Fri 25 Aug 14:46:57 EDT 2017
*  List Was An Empty File After Download. Fri 25 Aug 14:47:06 EDT 2017
*  List Was An Empty File After Download. Fri 25 Aug 14:47:10 EDT 2017
*  List Was An Empty File After Download. Fri 25 Aug 14:47:10 EDT 2017
* VoidGRFilters List Was An Empty File After Download. Fri 25 Aug 14:47:25 EDT 2017
* VoidGRFilters List Was An Empty File After Download. Fri 25 Aug 14:47:25 EDT 2017
* Vokins List Was An Empty File After Download. Fri 25 Aug 14:47:38 EDT 2017
* Vokins List Was An Empty File After Download. Fri 25 Aug 14:47:38 EDT 2017
* uAssetsPrivacy List Was An Empty File After Download. Fri 25 Aug 14:47:52 EDT 2017
* uAssetsPrivacy List Was An Empty File After Download. Fri 25 Aug 14:47:52 EDT 2017
* Wiltteri List Was An Empty File After Download. Fri 25 Aug 14:48:05 EDT 2017
* Wiltteri List Was An Empty File After Download. Fri 25 Aug 14:48:06 EDT 2017
* WiltteriReborn List Was An Empty File After Download. Fri 25 Aug 14:48:19 EDT 2017
* WiltteriReborn List Was An Empty File After Download. Fri 25 Aug 14:48:20 EDT 2017
* WindowsSpyBlocker10 List Was An Empty File After Download. Fri 25 Aug 14:48:32 EDT 2017
* WindowsSpyBlocker10 List Was An Empty File After Download. Fri 25 Aug 14:48:33 EDT 2017
* WindowsSpyBlocker7 List Was An Empty File After Download. Fri 25 Aug 14:48:45 EDT 2017
* WindowsSpyBlocker7 List Was An Empty File After Download. Fri 25 Aug 14:48:46 EDT 2017
* uBOPersonalFilters List Was An Empty File After Download. Fri 25 Aug 14:48:57 EDT 2017
* uBOPersonalFilters List Was An Empty File After Download. Fri 25 Aug 14:48:58 EDT 2017
* UncheckyAds List Was An Empty File After Download. Fri 25 Aug 14:49:08 EDT 2017
* UncheckyAds List Was An Empty File After Download. Fri 25 Aug 14:49:09 EDT 2017
* UniversiteToulouseAds List Was An Empty File After Download. Fri 25 Aug 14:49:19 EDT 2017
* UniversiteToulouseAds List Was An Empty File After Download. Fri 25 Aug 14:49:19 EDT 2017
* UniversiteToulouseAdult List Was An Empty File After Download. Fri 25 Aug 14:49:33 EDT 2017
* UniversiteToulouseMalware List Was An Empty File After Download. Fri 25 Aug 14:49:43 EDT 2017
