* AakList List Was Killed By The Parsing Process. It will be skipped in the future. Sat 26 Aug 09:36:01 EDT 2017
* ABPJapanese3rdPartySNSFilters List Was Killed By The Parsing Process. It will be skipped in the future. Sat 26 Aug 09:38:07 EDT 2017
* ABPJapaneseElementhidingFilters List Was Killed By The Parsing Process. It will be skipped in the future. Sat 26 Aug 09:38:11 EDT 2017
* ABPJapaneseParanoidFilters List Was Killed By The Parsing Process. It will be skipped in the future. Sat 26 Aug 09:39:17 EDT 2017
* ABPXFiles List Was Killed By The Parsing Process. It will be skipped in the future. Sat 26 Aug 09:39:21 EDT 2017
* abusechFeodoBadIPBlocklist List Was Killed By The Parsing Process. It will be skipped in the future. Sat 26 Aug 09:39:28 EDT 2017
* abusechFeodoDomainBlocklist List Was Killed By The Parsing Process. It will be skipped in the future. Sat 26 Aug 09:39:33 EDT 2017
* abusechFeodoIPBlocklist List Was Killed By The Parsing Process. It will be skipped in the future. Sat 26 Aug 09:39:40 EDT 2017
* abusechZeuSCompromisedURLBlocklist List Was Killed By The Parsing Process. It will be skipped in the future. Sat 26 Aug 09:39:46 EDT 2017
* abusechZeuSIPBlocklistBadIPs List Was Killed By The Parsing Process. It will be skipped in the future. Sat 26 Aug 09:41:57 EDT 2017
* abusechZeuSIPBlocklist List Was Killed By The Parsing Process. It will be skipped in the future. Sat 26 Aug 09:42:03 EDT 2017
* AcceptableAds List Was Killed By The Parsing Process. It will be skipped in the future. Sat 26 Aug 09:42:10 EDT 2017
* AdAwayBlockingHostsFileforJapan List Was Killed By The Parsing Process. It will be skipped in the future. Sat 26 Aug 09:42:18 EDT 2017
* AdblockFiltersbyGurudee List Was Killed By The Parsing Process. It will be skipped in the future. Sat 26 Aug 09:43:22 EDT 2017
* AdblockKorea List Was Killed By The Parsing Process. It will be skipped in the future. Sat 26 Aug 09:44:26 EDT 2017
* AdblockPersian List Was Killed By The Parsing Process. It will be skipped in the future. Sat 26 Aug 09:46:34 EDT 2017
* AdblockPolishSocialRules List Was Killed By The Parsing Process. It will be skipped in the future. Sat 26 Aug 09:46:39 EDT 2017
* AdblockuBlockPolishCookiesFilters List Was Killed By The Parsing Process. It will be skipped in the future. Sat 26 Aug 09:47:44 EDT 2017
* AdblockuBlockPolishFilters List Was Killed By The Parsing Process. It will be skipped in the future. Sat 26 Aug 09:47:49 EDT 2017
* AdblockWarningRemoval List Was Killed By The Parsing Process. It will be skipped in the future. Sat 26 Aug 09:47:53 EDT 2017
* AdguardDutchFilter List Was Killed By The Parsing Process. It will be skipped in the future. Sat 26 Aug 09:56:06 EDT 2017
* AdguardExperimentalFilter List Was Killed By The Parsing Process. It will be skipped in the future. Sat 26 Aug 09:57:12 EDT 2017
* AdguardJapaneseFilter List Was Killed By The Parsing Process. It will be skipped in the future. Sat 26 Aug 09:58:18 EDT 2017
* AdguardSafariFilter List Was Killed By The Parsing Process. It will be skipped in the future. Sat 26 Aug 10:00:24 EDT 2017
* AdguardSpanishPortugueseFilter List Was Killed By The Parsing Process. It will be skipped in the future. Sat 26 Aug 10:01:29 EDT 2017
* AdguardTurkishFilter List Was Killed By The Parsing Process. It will be skipped in the future. Sat 26 Aug 10:02:34 EDT 2017
* AdguardUsefulAdsFilter List Was Killed By The Parsing Process. It will be skipped in the future. Sat 26 Aug 10:02:38 EDT 2017
* AdwareFilters List Was Killed By The Parsing Process. It will be skipped in the future. Sat 26 Aug 10:02:43 EDT 2017
* AdZHosts List Was Killed By The Parsing Process. It will be skipped in the future. Sat 26 Aug 10:02:52 EDT 2017
* AirellesAntiAdvertisementsHosts List Was Killed By The Parsing Process. It will be skipped in the future. Sat 26 Aug 10:02:57 EDT 2017
* AirellesAntiMiscellaneousHosts List Was Killed By The Parsing Process. It will be skipped in the future. Sat 26 Aug 10:03:02 EDT 2017
* AirellesAntiSexHosts List Was Killed By The Parsing Process. It will be skipped in the future. Sat 26 Aug 10:03:06 EDT 2017
* AirellesAntiTrackersHosts List Was Killed By The Parsing Process. It will be skipped in the future. Sat 26 Aug 10:03:11 EDT 2017
* AirellesMalwareHosts List Was Killed By The Parsing Process. It will be skipped in the future. Sat 26 Aug 10:03:15 EDT 2017
* AirellesPhishingHosts List Was Killed By The Parsing Process. It will be skipped in the future. Sat 26 Aug 10:03:18 EDT 2017
* AntiFacebook List Was Killed By The Parsing Process. It will be skipped in the future. Sat 26 Aug 10:03:23 EDT 2017
* AntiPopAds List Was Killed By The Parsing Process. It will be skipped in the future. Sat 26 Aug 10:03:27 EDT 2017
* AntiPubWeb List Was Killed By The Parsing Process. It will be skipped in the future. Sat 26 Aug 10:03:32 EDT 2017
* BankiruPlusAdblock List Was Killed By The Parsing Process. It will be skipped in the future. Sat 26 Aug 10:07:46 EDT 2017
* Blockzilla List Was Killed By The Parsing Process. It will be skipped in the future. Sat 26 Aug 10:11:00 EDT 2017
* BLOGRAMAnalysisBlockFilterListforJapan List Was Killed By The Parsing Process. It will be skipped in the future. Sat 26 Aug 10:11:58 EDT 2017
* BLOGRAMBasicFilterListforJapan List Was Killed By The Parsing Process. It will be skipped in the future. Sat 26 Aug 10:12:58 EDT 2017
* BLOGRAMBlogPartsFilterListforJapan List Was Killed By The Parsing Process. It will be skipped in the future. Sat 26 Aug 10:13:02 EDT 2017
* BLOGRAMElementHidingFilterListforJapan List Was Killed By The Parsing Process. It will be skipped in the future. Sat 26 Aug 10:13:05 EDT 2017
* CJXsAnnoyance List Was Killed By The Parsing Process. It will be skipped in the future. Sat 26 Aug 10:28:12 EDT 2017
* CookieBlocklist List Was Killed By The Parsing Process. It will be skipped in the future. Sat 26 Aug 10:29:16 EDT 2017
* Corset List Was Killed By The Parsing Process. It will be skipped in the future. Sat 26 Aug 10:29:21 EDT 2017
* CzechFiltersforAdBlock List Was Killed By The Parsing Process. It will be skipped in the future. Sat 26 Aug 10:29:35 EDT 2017
* DNSBHAdblockPlusMalwareDomainsFull List Was Killed By The Parsing Process. It will be skipped in the future. Sat 26 Aug 10:32:06 EDT 2017
* DNSBHBulkRegistrars List Was Killed By The Parsing Process. It will be skipped in the future. Sat 26 Aug 10:32:10 EDT 2017
* DNSBHDynamicDNS List Was Killed By The Parsing Process. It will be skipped in the future. Sat 26 Aug 10:32:13 EDT 2017
* DShieldBlocklist List Was Killed By The Parsing Process. It will be skipped in the future. Sat 26 Aug 10:37:43 EDT 2017
* DShieldorgRecommendedBlock List Was Killed By The Parsing Process. It will be skipped in the future. Sat 26 Aug 10:37:57 EDT 2017
* EasyListChinainIT List Was Killed By The Parsing Process. It will be skipped in the future. Sat 26 Aug 10:42:40 EDT 2017
* EasyListDutch List Was Killed By The Parsing Process. It will be skipped in the future. Sat 26 Aug 10:46:59 EDT 2017
* EasyListHebrew List Was Killed By The Parsing Process. It will be skipped in the future. Sat 26 Aug 10:50:07 EDT 2017
* EasyListItaly List Was Killed By The Parsing Process. It will be skipped in the future. Sat 26 Aug 10:51:14 EDT 2017
* EasyListLiteChina List Was Killed By The Parsing Process. It will be skipped in the future. Sat 26 Aug 10:52:13 EDT 2017
* EasyListSpanish List Was Killed By The Parsing Process. It will be skipped in the future. Sat 26 Aug 10:55:18 EDT 2017
* EasyPrivacy List Was Killed By The Parsing Process. It will be skipped in the future. Sat 26 Aug 11:00:32 EDT 2017
* EasyPrivacyWithoutInternationalFilters List Was Killed By The Parsing Process. It will be skipped in the future. Sat 26 Aug 11:01:39 EDT 2017
* EasyTest List Was Killed By The Parsing Process. It will be skipped in the future. Sat 26 Aug 11:01:43 EDT 2017
* FacebookAnnoyancesBlocker List Was Killed By The Parsing Process. It will be skipped in the future. Sat 26 Aug 11:05:44 EDT 2017
* FacebookNewsFeedAnnoyancesBlocker List Was Killed By The Parsing Process. It will be skipped in the future. Sat 26 Aug 11:05:48 EDT 2017
* FacebookPrivacy List Was Killed By The Parsing Process. It will be skipped in the future. Sat 26 Aug 11:05:52 EDT 2017
* FacebookSidebarBlocker List Was Killed By The Parsing Process. It will be skipped in the future. Sat 26 Aug 11:05:56 EDT 2017
* FakeNews List Was Killed By The Parsing Process. It will be skipped in the future. Sat 26 Aug 11:06:00 EDT 2017
* FanboysAnnoyance List Was Killed By The Parsing Process. It will be skipped in the future. Sat 26 Aug 11:07:01 EDT 2017
* FanboysAntithirdpartyFonts List Was Killed By The Parsing Process. It will be skipped in the future. Sat 26 Aug 11:07:06 EDT 2017
* FanboysCookiemonster List Was Killed By The Parsing Process. It will be skipped in the future. Sat 26 Aug 11:09:04 EDT 2017
* FanboysEnhancedStats List Was Killed By The Parsing Process. It will be skipped in the future. Sat 26 Aug 11:10:03 EDT 2017
* FanboysEnhancedTracking List Was Killed By The Parsing Process. It will be skipped in the future. Sat 26 Aug 11:11:03 EDT 2017
* FanboysIndian List Was Killed By The Parsing Process. It will be skipped in the future. Sat 26 Aug 11:11:07 EDT 2017
* FanboysIsraelList List Was Killed By The Parsing Process. It will be skipped in the future. Sat 26 Aug 11:12:07 EDT 2017
* FanboysJapanese List Was Killed By The Parsing Process. It will be skipped in the future. Sat 26 Aug 11:12:11 EDT 2017
* FanboysKorean List Was Killed By The Parsing Process. It will be skipped in the future. Sat 26 Aug 11:13:12 EDT 2017
* FanboysPolish List Was Killed By The Parsing Process. It will be skipped in the future. Sat 26 Aug 11:13:16 EDT 2017
* FanboysSocialBlocking List Was Killed By The Parsing Process. It will be skipped in the future. Sat 26 Aug 11:14:21 EDT 2017
* FanboysSpanishPortuguese List Was Killed By The Parsing Process. It will be skipped in the future. Sat 26 Aug 11:14:25 EDT 2017
* FanboysSwedish List Was Killed By The Parsing Process. It will be skipped in the future. Sat 26 Aug 11:14:29 EDT 2017
* FanboysTurkish List Was Killed By The Parsing Process. It will be skipped in the future. Sat 26 Aug 11:14:33 EDT 2017
* FanboysVietnamese List Was Killed By The Parsing Process. It will be skipped in the future. Sat 26 Aug 11:15:41 EDT 2017
* Filtersbyhant0508 List Was Killed By The Parsing Process. It will be skipped in the future. Sat 26 Aug 11:15:46 EDT 2017
* FirimeFEDEasyDownload List Was Killed By The Parsing Process. It will be skipped in the future. Sat 26 Aug 11:19:02 EDT 2017
* GandJAdBlock List Was Killed By The Parsing Process. It will be skipped in the future. Sat 26 Aug 11:19:07 EDT 2017
* GNUBlacklist List Was Killed By The Parsing Process. It will be skipped in the future. Sat 26 Aug 11:21:23 EDT 2017
* Hosts2ch List Was Killed By The Parsing Process. It will be skipped in the future. Sat 26 Aug 11:23:32 EDT 2017
* IcelandicABP List Was Killed By The Parsing Process. It will be skipped in the future. Sat 26 Aug 11:51:12 EDT 2017
* IDontCareaboutCookies List Was Killed By The Parsing Process. It will be skipped in the future. Sat 26 Aug 11:52:13 EDT 2017
* IlyakatzsAdditionalFiltersforAdblock List Was Killed By The Parsing Process. It will be skipped in the future. Sat 26 Aug 11:52:18 EDT 2017
* ImOKwithCookies List Was Killed By The Parsing Process. It will be skipped in the future. Sat 26 Aug 11:53:24 EDT 2017
* JansalsHostsLight List Was Killed By The Parsing Process. It will be skipped in the future. Sat 26 Aug 11:55:29 EDT 2017
* JansalsHosts List Was Killed By The Parsing Process. It will be skipped in the future. Sat 26 Aug 11:55:34 EDT 2017
* JapaneseSiteAdblockFilter List Was Killed By The Parsing Process. It will be skipped in the future. Sat 26 Aug 11:55:48 EDT 2017
* JapaneseSiteAdblockFilterver2 List Was Killed By The Parsing Process. It will be skipped in the future. Sat 26 Aug 11:56:02 EDT 2017
* KADScams List Was Killed By The Parsing Process. It will be skipped in the future. Sat 26 Aug 11:58:51 EDT 2017
* KoreanAdblock List Was Killed By The Parsing Process. It will be skipped in the future. Sat 26 Aug 11:58:56 EDT 2017
* LatvianList List Was Killed By The Parsing Process. It will be skipped in the future. Sat 26 Aug 12:01:12 EDT 2017
* LehighEDUDomains List Was Killed By The Parsing Process. It will be skipped in the future. Sat 26 Aug 12:03:46 EDT 2017
* LinkedinsanityRules List Was Killed By The Parsing Process. It will be skipped in the future. Sat 26 Aug 12:05:02 EDT 2017
* ListeAR List Was Killed By The Parsing Process. It will be skipped in the future. Sat 26 Aug 12:07:19 EDT 2017
* ListKR List Was Killed By The Parsing Process. It will be skipped in the future. Sat 26 Aug 12:09:39 EDT 2017
* ListKRUnbreak List Was Killed By The Parsing Process. It will be skipped in the future. Sat 26 Aug 12:09:44 EDT 2017
* malc0de List Was Killed By The Parsing Process. It will be skipped in the future. Sat 26 Aug 12:09:47 EDT 2017
* MalwareURLsGrayArea List Was Killed By The Parsing Process. It will be skipped in the future. Sat 26 Aug 12:14:01 EDT 2017
* MalwareURLs List Was Killed By The Parsing Process. It will be skipped in the future. Sat 26 Aug 12:14:05 EDT 2017
* MessageSeenRemoverforFacebook List Was Killed By The Parsing Process. It will be skipped in the future. Sat 26 Aug 12:17:24 EDT 2017
* Mute List Was Killed By The Parsing Process. It will be skipped in the future. Sat 26 Aug 12:19:47 EDT 2017
* Notrackingdomains List Was Killed By The Parsing Process. It will be skipped in the future. Sat 26 Aug 12:23:04 EDT 2017
* OpenPhishPhishingIntelligenceCommunityFeed List Was Killed By The Parsing Process. It will be skipped in the future. Sat 26 Aug 12:24:23 EDT 2017
* OverlayBlocker List Was Killed By The Parsing Process. It will be skipped in the future. Sat 26 Aug 12:24:27 EDT 2017
* PeterLowes List Was Killed By The Parsing Process. It will be skipped in the future. Sat 26 Aug 12:24:33 EDT 2017
* PopupBlocker List Was Killed By The Parsing Process. It will be skipped in the future. Sat 26 Aug 12:26:36 EDT 2017
* PrebakeQuiet List Was Killed By The Parsing Process. It will be skipped in the future. Sat 26 Aug 12:27:40 EDT 2017
* RansomwareTrackerCryptoWallRansomwareC2URLBlocklist List Was Killed By The Parsing Process. It will be skipped in the future. Sat 26 Aug 12:34:05 EDT 2017
* RansomwareTrackerCryptoWallRansomwarePaymentSitesDomainBlocklist List Was Killed By The Parsing Process. It will be skipped in the future. Sat 26 Aug 12:34:08 EDT 2017
* RansomwareTrackerCryptoWallRansomwarePaymentSitesIPBlocklist List Was Killed By The Parsing Process. It will be skipped in the future. Sat 26 Aug 12:34:12 EDT 2017
* RansomwareTrackerIPBlocklist List Was Killed By The Parsing Process. It will be skipped in the future. Sat 26 Aug 12:35:18 EDT 2017
* RansomwareTrackerLockyRansomwareC2IPBlocklist List Was Killed By The Parsing Process. It will be skipped in the future. Sat 26 Aug 12:36:22 EDT 2017
* RansomwareTrackerLockyRansomwareDistributionSiteURLBlocklist List Was Killed By The Parsing Process. It will be skipped in the future. Sat 26 Aug 12:36:27 EDT 2017
* RansomwareTrackerLockyRansomwarePaymentSitesIPBlocklist List Was Killed By The Parsing Process. It will be skipped in the future. Sat 26 Aug 12:37:35 EDT 2017
* RansomwareTrackerTeslaCryptRansomwareC2URLBlocklist List Was Killed By The Parsing Process. It will be skipped in the future. Sat 26 Aug 12:38:38 EDT 2017
* RansomwareTrackerTeslaCryptRansomwareDistributionSiteURLBlocklist List Was Killed By The Parsing Process. It will be skipped in the future. Sat 26 Aug 12:38:42 EDT 2017
* RansomwareTrackerTeslaCryptRansomwarePaymentSitesIPBlocklist List Was Killed By The Parsing Process. It will be skipped in the future. Sat 26 Aug 12:39:46 EDT 2017
* RansomwareTrackerTorrentLockerRansomwareC2IPBlocklist List Was Killed By The Parsing Process. It will be skipped in the future. Sat 26 Aug 12:40:51 EDT 2017
* RansomwareTrackerTorrentLockerRansomwarePaymentSitesIPBlocklist List Was Killed By The Parsing Process. It will be skipped in the future. Sat 26 Aug 12:41:56 EDT 2017
* RansomwareTrackerURLBlocklist List Was Killed By The Parsing Process. It will be skipped in the future. Sat 26 Aug 12:42:00 EDT 2017
* ReddestDream List Was Killed By The Parsing Process. It will be skipped in the future. Sat 26 Aug 12:42:05 EDT 2017
* RUAdListBitBlock List Was Killed By The Parsing Process. It will be skipped in the future. Sat 26 Aug 12:47:11 EDT 2017
* RUAdListCounters List Was Killed By The Parsing Process. It will be skipped in the future. Sat 26 Aug 12:47:16 EDT 2017
* SatterlysAdblockPlusFilters List Was Killed By The Parsing Process. It will be skipped in the future. Sat 26 Aug 12:52:23 EDT 2017
* squidblacklist List Was Killed By The Parsing Process. It will be skipped in the future. Sat 26 Aug 12:59:58 EDT 2017
* TheHostsFileProjectAdblockFilters List Was Killed By The Parsing Process. It will be skipped in the future. Sat 26 Aug 13:20:52 EDT 2017
* uAssetsBadware List Was Killed By The Parsing Process. It will be skipped in the future. Sat 26 Aug 13:26:40 EDT 2017
* uAssetsExperimental List Was Killed By The Parsing Process. It will be skipped in the future. Sat 26 Aug 13:26:45 EDT 2017
* uAssetsFilters List Was Killed By The Parsing Process. It will be skipped in the future. Sat 26 Aug 13:26:50 EDT 2017
* uAssetsPrivacy List Was Killed By The Parsing Process. It will be skipped in the future. Sat 26 Aug 13:26:55 EDT 2017
* uAssetsUnbreak List Was Killed By The Parsing Process. It will be skipped in the future. Sat 26 Aug 13:26:59 EDT 2017
* uBlockAntiskimming List Was Killed By The Parsing Process. It will be skipped in the future. Sat 26 Aug 13:27:05 EDT 2017
* uBlockFiltersPlus List Was Killed By The Parsing Process. It will be skipped in the future. Sat 26 Aug 13:27:09 EDT 2017
* uBlockPolishFiltersSupplement List Was Killed By The Parsing Process. It will be skipped in the future. Sat 26 Aug 13:27:14 EDT 2017
* uBOPersonalFilters List Was Killed By The Parsing Process. It will be skipped in the future. Sat 26 Aug 13:28:13 EDT 2017
* Wiltteri List Was Killed By The Parsing Process. It will be skipped in the future. Sat 26 Aug 13:41:15 EDT 2017
* WiltteriReborn List Was Killed By The Parsing Process. It will be skipped in the future. Sat 26 Aug 13:41:19 EDT 2017
* XFilesHWSHarmfulWebSites List Was Killed By The Parsing Process. It will be skipped in the future. Sat 26 Aug 13:44:26 EDT 2017
* XFilesNoFacebookAds List Was Killed By The Parsing Process. It will be skipped in the future. Sat 26 Aug 13:44:35 EDT 2017
* YousList List Was Killed By The Parsing Process. It will be skipped in the future. Sat 26 Aug 13:44:40 EDT 2017
* YouTubeOtherAnnoyances List Was Killed By The Parsing Process. It will be skipped in the future. Sat 26 Aug 13:44:45 EDT 2017
* YouTubePureVideoExperience List Was Killed By The Parsing Process. It will be skipped in the future. Sat 26 Aug 13:44:49 EDT 2017
* YouTubeRemoveComments List Was Killed By The Parsing Process. It will be skipped in the future. Sat 26 Aug 13:44:53 EDT 2017
* YouTubeRemoveYoutubeSuggestions List Was Killed By The Parsing Process. It will be skipped in the future. Sat 26 Aug 13:44:57 EDT 2017
