http://adb.juvander.net/Finland_adb_antisocial.txt
http://malwareurls.joxeankoret.com/domains.txt
http://qme.mydns.jp/data/AdblockV2.txt
http://tofukko.r.ribbon.to/Adblock_Plus_list.txt
http://www.jabcreations.com/downloads/adblock-filters.php
http://www.joewein.net/dl/bl/dom-bl-base.txt
http://www.niecko.pl/adblock/adblock.txt
http://www.sa-blacklist.stearns.org/sa-blacklist/sa-blacklist.current.domains
https://adblock.dk/block.csv
https://adblock.mahakala.is/hosts
https://bitbucket.org/ethanr/dns-blacklists/raw/master/bad_lists/Mandiant_APT1_Report_Appendix_D.txt
https://blocklist.kowabit.de/list.txt
https://easylist-downloads.adblockplus.org/Liste_AR.txt
https://easylist-downloads.adblockplus.org/advblock.txt
https://easylist-downloads.adblockplus.org/bitblock.txt
https://easylist-downloads.adblockplus.org/cntblock.txt
https://easylist-downloads.adblockplus.org/fanboy-annoyance.txt
https://easylist-downloads.adblockplus.org/liste_fr.txt
https://easylist.to/easylist/easylist.txt
https://github.com/mayve/private-adblock-filters/raw/master/Adblock_List.txt
https://mirror.cedia.org.ec/malwaredomains/immortal_domains.txt
https://mirror1.malwaredomains.com/files/justdomains
https://notabug.org/latvian-list/adblock-latvian/raw/master/lists/latvian-list.txt
https://ransomwaretracker.abuse.ch/downloads/LY_C2_DOMBL.txt
https://ransomwaretracker.abuse.ch/downloads/RW_DOMBL.txt
https://ransomwaretracker.abuse.ch/downloads/TC_C2_DOMBL.txt
https://ransomwaretracker.abuse.ch/downloads/TC_PS_DOMBL.txt
https://ransomwaretracker.abuse.ch/downloads/TL_C2_DOMBL.txt
https://ransomwaretracker.abuse.ch/downloads/TL_PS_DOMBL.txt
https://raw.github.com/notracking/hosts-blocklists/master/hostnames.txt
https://raw.githubusercontent.com/Dawsey21/Lists/master/adblock-list.txt
https://raw.githubusercontent.com/Dawsey21/Lists/master/main-blacklist.txt
https://raw.githubusercontent.com/FadeMind/hosts.extras/master/SpotifyAds/hosts
https://raw.githubusercontent.com/FadeMind/hosts.extras/master/add.2o7Net/hosts
https://raw.githubusercontent.com/FadeMind/hosts.extras/master/add.Dead/hosts
https://raw.githubusercontent.com/FadeMind/hosts.extras/master/add.Risk/hosts
https://raw.githubusercontent.com/HenningVanRaumle/pihole-ytadblock/master/ytadblock.txt
https://raw.githubusercontent.com/Rpsl/adblock-leadgenerator-list/master/list/list.txt
https://raw.githubusercontent.com/StevenBlack/hosts/master/alternates/fakenews/hosts
https://raw.githubusercontent.com/StevenBlack/hosts/master/alternates/gambling/hosts
https://raw.githubusercontent.com/StevenBlack/hosts/master/alternates/porn/hosts
https://raw.githubusercontent.com/StevenBlack/hosts/master/data/StevenBlack/hosts
https://raw.githubusercontent.com/StevenBlack/hosts/master/data/UncheckyAds/hosts
https://raw.githubusercontent.com/StevenBlack/hosts/master/data/add.2o7Net/hosts
https://raw.githubusercontent.com/StevenBlack/hosts/master/data/add.Risk/hosts
https://raw.githubusercontent.com/StevenBlack/hosts/master/data/tyzbit/hosts
https://raw.githubusercontent.com/StevenBlack/hosts/master/hosts
https://raw.githubusercontent.com/TakoYachty/Gift-Card-Killer/master/giftcardkiller.txt
https://raw.githubusercontent.com/Yhonay/antipopads/master/popads.txt
https://raw.githubusercontent.com/betterwebleon/slovenian-list/master/filters.txt
https://raw.githubusercontent.com/bkrcrc/turk-adlist/master/hosts
https://raw.githubusercontent.com/crazy-max/WindowsSpyBlocker/master/data/hosts/win7/spy.txt
https://raw.githubusercontent.com/crazy-max/WindowsSpyBlocker/master/data/hosts/win81/spy.txt
https://raw.githubusercontent.com/deathbybandaid/Universite-Toulouse-Hosts/master/downloaded/adult.txt
https://raw.githubusercontent.com/easylist-thailand/easylist-thailand/master/subscription/easylist-thailand.txt
https://raw.githubusercontent.com/eladkarako/hosts.eladkarako.com/master/_raw__hosts.txt
https://raw.githubusercontent.com/genediazjr/nopelist/master/nopelist.txt
https://raw.githubusercontent.com/gfmaster/adblock-korea-contrib/master/filter.txt
https://raw.githubusercontent.com/hant05080/uBlock-filters/master/filters.txt
https://raw.githubusercontent.com/ilyakatz/adblock_filters/master/inpage_popups.txt
https://raw.githubusercontent.com/kargig/greek-adblockplus-filter/master/void-gr-filters.txt
https://raw.githubusercontent.com/liamja/Prebake/master/obtrusive.txt
https://raw.githubusercontent.com/mat1th/Dns-add-block/master/hosts
https://raw.githubusercontent.com/metaphoricgiraffe/tracking-filters/master/trackingfilters.txt
https://raw.githubusercontent.com/michaeltrimm/hosts-blocking/master/_hosts.txt
https://raw.githubusercontent.com/mitchellkrogza/Badd-Boyz-Hosts/master/hosts
https://raw.githubusercontent.com/piperun/iploggerfilter/master/filterlist
https://raw.githubusercontent.com/piwik/referrer-spam-blacklist/master/spammers.txt
https://raw.githubusercontent.com/quidsup/notrack/master/malicious-sites.txt
https://raw.githubusercontent.com/quidsup/notrack/master/trackers.txt
https://raw.githubusercontent.com/szpeter80/hufilter/master/hufilter.txt
https://raw.githubusercontent.com/thoughtconverge/abf/master/abf.txt
https://raw.githubusercontent.com/tyzbit/hosts/master/data/tyzbit/hosts
https://raw.githubusercontent.com/uBlock-user/uBO-Personal-Filters/master/uPF.txt
https://raw.githubusercontent.com/uBlockOrigin/uAssets/master/filters/filters.txt
https://raw.githubusercontent.com/uBlockOrigin/uAssets/master/filters/privacy.txt
https://raw.githubusercontent.com/wiltteri/subscriptions/master/wiltteri.txt
https://raw.githubusercontent.com/yous/YousList/master/youslist.txt
https://road.adblock.ro/lista.txt
https://satterly.neocities.org/abp_filters.txt
https://v.firebog.net/hosts/Prigent-Ads.txt
https://v.firebog.net/hosts/Prigent-Malware.txt
https://v.firebog.net/hosts/Prigent-Phishing.txt
https://v.firebog.net/hosts/Shalla-mal.txt
https://v.firebog.net/hosts/static/SamsungSmart.txt
https://web.archive.org/web/20160221135711/http://adblock.gjtech.net/?format=unix-hosts
https://zeustracker.abuse.ch/blocklist.php?download=baddomains
https://zeustracker.abuse.ch/blocklist.php?download=domainblocklist
