* AdblockFiltersbyGurudee
* AdblockListforFinland
* AdguardJapaneseFilter
* AirellesAntiMiscellaneousHosts
* BLOGRAMAnalysisBlockFilterListforJapan
* BLOGRAMBasicFilterListforJapan
* BLOGRAMBlogPartsFilterListforJapan
* BLOGRAMElementHidingFilterListforJapan
* DNSBHDynamicDNS
* DNSBHSkypeResolvers
* DNSBHURLShorteners
* FacebookPrivacy
* FirimeFEDEasyDownload
* hpHostsWRZ
* IcelandicABP
* JapaneseSiteAdblockFilter
* JapaneseSiteAdblockFilterver2
* KADHostsFile
* LeadGenerator
* LehighEDUDomains
* LehighImmortal
* malc0de
* MalwareURLsGrayArea
* MalwareURLs
* Mute
* RUAdListOld
* squidblacklist
* StevenBlacksRiskyHosts
* TheHostsFileProjectAdblockFilters
