### Preparing Recent Run Logs Fri 25 Aug 15:19:43 EDT 2017
[Details If Any](https://raw.githubusercontent.com/deathbybandaid/piholeparser/master/RecentRunLogs/housekeepingscripts/05-Preparing-Recent-Run-Logs.log)

### Recreating TempVar File Fri 25 Aug 15:19:43 EDT 2017
[Details If Any](https://raw.githubusercontent.com/deathbybandaid/piholeparser/master/RecentRunLogs/housekeepingscripts/08-Recreating-TempVar-File.log)

### Removing Temp Files Fri 25 Aug 15:19:43 EDT 2017
[Details If Any](https://raw.githubusercontent.com/deathbybandaid/piholeparser/master/RecentRunLogs/housekeepingscripts/10-Removing-Temp-Files.log)

### Setting Start Time Variable Fri 25 Aug 15:19:44 EDT 2017
[Details If Any](https://raw.githubusercontent.com/deathbybandaid/piholeparser/master/RecentRunLogs/housekeepingscripts/15-Setting-Start-Time-Variable.log)

### Identifying Lists Without https Fri 25 Aug 15:19:44 EDT 2017
[Details If Any](https://raw.githubusercontent.com/deathbybandaid/piholeparser/master/RecentRunLogs/housekeepingscripts/20-Identifying-Lists-Without-https.log)

### Counting Lists To Process Fri 25 Aug 15:19:47 EDT 2017
[Details If Any](https://raw.githubusercontent.com/deathbybandaid/piholeparser/master/RecentRunLogs/housekeepingscripts/25-Counting-Lists-To-Process.log)

### Checking For Lists With Multiple Sources Fri 25 Aug 15:19:47 EDT 2017
[Details If Any](https://raw.githubusercontent.com/deathbybandaid/piholeparser/master/RecentRunLogs/housekeepingscripts/30-Checking-For-Lists-With-Multiple-Sources.log)

### Removing Old TLD File Fri 25 Aug 15:19:52 EDT 2017
[Details If Any](https://raw.githubusercontent.com/deathbybandaid/piholeparser/master/RecentRunLogs/housekeepingscripts/40-Removing-Old-TLD-File.log)

### Downloading Active Top Level Domains Fri 25 Aug 15:19:52 EDT 2017
[Details If Any](https://raw.githubusercontent.com/deathbybandaid/piholeparser/master/RecentRunLogs/housekeepingscripts/45-Downloading-Active-Top-Level-Domains.log)

### Compiling TLD List Fri 25 Aug 15:19:58 EDT 2017
[Details If Any](https://raw.githubusercontent.com/deathbybandaid/piholeparser/master/RecentRunLogs/housekeepingscripts/48-Compiling-TLD-List.log)

### Checking For New TLDs Fri 25 Aug 15:19:58 EDT 2017
[Details If Any](https://raw.githubusercontent.com/deathbybandaid/piholeparser/master/RecentRunLogs/housekeepingscripts/49-Checking-For-New-TLDs.log)

### Compiling Domains To Whitelist From Lists Fri 25 Aug 15:19:58 EDT 2017
[Details If Any](https://raw.githubusercontent.com/deathbybandaid/piholeparser/master/RecentRunLogs/housekeepingscripts/50-Compiling-Domains-To-Whitelist-From-Lists.log)

### Processing Whitelists Fri 25 Aug 15:20:03 EDT 2017
[Details If Any](https://raw.githubusercontent.com/deathbybandaid/piholeparser/master/RecentRunLogs/housekeepingscripts/55-Processing-Whitelists.log)

### Processing Blacklists Fri 25 Aug 15:20:05 EDT 2017
[Details If Any](https://raw.githubusercontent.com/deathbybandaid/piholeparser/master/RecentRunLogs/housekeepingscripts/58-Processing-Blacklists.log)

